Assuming unrestricted shared filesystem usage.
None
host: pc-mm025
Building DAG of jobs...
Using shell: /usr/bin/bash
Provided cores: 10
Rules claiming more threads will be scaled down.
Job stats:
job                      count
---------------------  -------
all                          1
cull_cubes                   1
fit_atomic_mdcm              3
fit_molecular_mdcm           7
fit_multipoles               1
generate_charmm_files        7
total                       20

Select jobs to execute...
Execute 1 jobs...
[Mon May 19 14:12:54 2025]
localrule cull_cubes:
    input: /home/boittier/Documents/github/MDCMfast/examples/ref/h2o-pot.cube, /home/boittier/Documents/github/MDCMfast/examples/ref/h2o-dens.cube
    output: /home/boittier/Documents/github/MDCMfast/examples/ref/h2o-pot_culled.cube, /home/boittier/Documents/github/MDCMfast/examples/ref/h2o-dens_culled.cube
    jobid: 3
    reason: Missing output files: /home/boittier/Documents/github/MDCMfast/examples/ref/h2o-dens_culled.cube, /home/boittier/Documents/github/MDCMfast/examples/ref/h2o-pot_culled.cube
    resources: tmpdir=/tmp

[Mon May 19 14:12:54 2025]
Finished jobid: 3 (Rule: cull_cubes)
1 of 20 steps (5%) done
Select jobs to execute...
Execute 1 jobs...
[Mon May 19 14:12:54 2025]
localrule fit_multipoles:
    input: /home/boittier/Documents/github/MDCMfast/examples/ref/h2o-pot_culled.cube, /home/boittier/Documents/github/MDCMfast/examples/ref/h2o-dens_culled.cube
    output: /home/boittier/Documents/github/MDCMfast/results/h2o/1-mtp-fit/fitted-mtpl.dat
    jobid: 4
    reason: Input files updated by another job: /home/boittier/Documents/github/MDCMfast/examples/ref/h2o-dens_culled.cube, /home/boittier/Documents/github/MDCMfast/examples/ref/h2o-pot_culled.cube; Code has changed since last execution
    resources: tmpdir=/tmp

[Mon May 19 14:12:54 2025]
Finished jobid: 4 (Rule: fit_multipoles)
2 of 20 steps (10%) done
Select jobs to execute...
Execute 3 jobs...
[Mon May 19 14:12:54 2025]
localrule fit_atomic_mdcm:
    input: /home/boittier/Documents/github/MDCMfast/examples/ref/h2o-pot_culled.cube, /home/boittier/Documents/github/MDCMfast/examples/ref/h2o-dens_culled.cube, /home/boittier/Documents/github/MDCMfast/results/h2o/1-mtp-fit/fitted-mtpl.dat
    output: /home/boittier/Documents/github/MDCMfast/results/h2o/2-fit-atoms/multipole1_1charges.xyz, /home/boittier/Documents/github/MDCMfast/results/h2o/2-fit-atoms/multipole1_1charges-fit.log
    jobid: 5
    reason: Missing output files: /home/boittier/Documents/github/MDCMfast/results/h2o/2-fit-atoms/multipole1_1charges.xyz; Input files updated by another job: /home/boittier/Documents/github/MDCMfast/examples/ref/h2o-pot_culled.cube, /home/boittier/Documents/github/MDCMfast/examples/ref/h2o-dens_culled.cube, /home/boittier/Documents/github/MDCMfast/results/h2o/1-mtp-fit/fitted-mtpl.dat
    wildcards: atom_num=1
    resources: tmpdir=/tmp

[Mon May 19 14:12:54 2025]
localrule fit_atomic_mdcm:
    input: /home/boittier/Documents/github/MDCMfast/examples/ref/h2o-pot_culled.cube, /home/boittier/Documents/github/MDCMfast/examples/ref/h2o-dens_culled.cube, /home/boittier/Documents/github/MDCMfast/results/h2o/1-mtp-fit/fitted-mtpl.dat
    output: /home/boittier/Documents/github/MDCMfast/results/h2o/2-fit-atoms/multipole3_3charges.xyz, /home/boittier/Documents/github/MDCMfast/results/h2o/2-fit-atoms/multipole3_3charges-fit.log
    jobid: 7
    reason: Missing output files: /home/boittier/Documents/github/MDCMfast/results/h2o/2-fit-atoms/multipole3_3charges.xyz; Input files updated by another job: /home/boittier/Documents/github/MDCMfast/examples/ref/h2o-pot_culled.cube, /home/boittier/Documents/github/MDCMfast/examples/ref/h2o-dens_culled.cube, /home/boittier/Documents/github/MDCMfast/results/h2o/1-mtp-fit/fitted-mtpl.dat
    wildcards: atom_num=3
    resources: tmpdir=/tmp

[Mon May 19 14:12:54 2025]
localrule fit_atomic_mdcm:
    input: /home/boittier/Documents/github/MDCMfast/examples/ref/h2o-pot_culled.cube, /home/boittier/Documents/github/MDCMfast/examples/ref/h2o-dens_culled.cube, /home/boittier/Documents/github/MDCMfast/results/h2o/1-mtp-fit/fitted-mtpl.dat
    output: /home/boittier/Documents/github/MDCMfast/results/h2o/2-fit-atoms/multipole2_2charges.xyz, /home/boittier/Documents/github/MDCMfast/results/h2o/2-fit-atoms/multipole2_2charges-fit.log
    jobid: 6
    reason: Missing output files: /home/boittier/Documents/github/MDCMfast/results/h2o/2-fit-atoms/multipole2_2charges.xyz; Input files updated by another job: /home/boittier/Documents/github/MDCMfast/examples/ref/h2o-pot_culled.cube, /home/boittier/Documents/github/MDCMfast/examples/ref/h2o-dens_culled.cube, /home/boittier/Documents/github/MDCMfast/results/h2o/1-mtp-fit/fitted-mtpl.dat
    wildcards: atom_num=2
    resources: tmpdir=/tmp

Waiting at most 600 seconds for missing files:
/home/boittier/Documents/github/MDCMfast/results/h2o/2-fit-atoms/multipole3_3charges.xyz (missing locally)
RuleException:
CalledProcessError in file "/home/boittier/Documents/github/MDCMfast/examples/workflows/basic-fit/Snakefile", line 101:
Command 'set -euo pipefail;  
        mkdir -p $(dirname /home/boittier/Documents/github/MDCMfast/results/h2o/2-fit-atoms/multipole1_1charges.xyz)
        
        /home/boittier/Documents/github/MDCMfast/src/mdcmfast/bin/pcubefit.x -greedy -mtpfile /home/boittier/Documents/github/MDCMfast/results/h2o/1-mtp-fit/fitted-mtpl.dat                    -esp /home/boittier/Documents/github/MDCMfast/examples/ref/h2o-pot_culled.cube -dens /home/boittier/Documents/github/MDCMfast/examples/ref/h2o-dens_culled.cube                    -nacmin 1 -nacmax 4                    -atom 1 -ntry 3                    -onlymultipoles -v > /home/boittier/Documents/github/MDCMfast/results/h2o/2-fit-atoms/multipole1_1charges-fit.log' died with <Signals.SIGINT: 2>.
[Mon May 19 14:16:36 2025]
Error in rule fit_atomic_mdcm:
    message: None
    jobid: 5
    input: /home/boittier/Documents/github/MDCMfast/examples/ref/h2o-pot_culled.cube, /home/boittier/Documents/github/MDCMfast/examples/ref/h2o-dens_culled.cube, /home/boittier/Documents/github/MDCMfast/results/h2o/1-mtp-fit/fitted-mtpl.dat
    output: /home/boittier/Documents/github/MDCMfast/results/h2o/2-fit-atoms/multipole1_1charges.xyz, /home/boittier/Documents/github/MDCMfast/results/h2o/2-fit-atoms/multipole1_1charges-fit.log
    shell:
        
        mkdir -p $(dirname /home/boittier/Documents/github/MDCMfast/results/h2o/2-fit-atoms/multipole1_1charges.xyz)
        
        /home/boittier/Documents/github/MDCMfast/src/mdcmfast/bin/pcubefit.x -greedy -mtpfile /home/boittier/Documents/github/MDCMfast/results/h2o/1-mtp-fit/fitted-mtpl.dat                    -esp /home/boittier/Documents/github/MDCMfast/examples/ref/h2o-pot_culled.cube -dens /home/boittier/Documents/github/MDCMfast/examples/ref/h2o-dens_culled.cube                    -nacmin 1 -nacmax 4                    -atom 1 -ntry 3                    -onlymultipoles -v > /home/boittier/Documents/github/MDCMfast/results/h2o/2-fit-atoms/multipole1_1charges-fit.log
        
        (command exited with non-zero exit code)
Terminating processes on user request, this might take some time.
Complete log(s): /home/boittier/Documents/github/MDCMfast/examples/workflows/basic-fit/.snakemake/log/2025-05-19T141254.197494.snakemake.log
WorkflowError:
At least one job did not complete successfully.
