Assuming unrestricted shared filesystem usage.
None
host: pc-mm025
Building DAG of jobs...
Using shell: /usr/bin/bash
Provided cores: 10
Rules claiming more threads will be scaled down.
Job stats:
job                   count
------------------  -------
all                       1
fit_atomic_mdcm           6
fit_molecular_mdcm       10
fit_multipoles            1
refine_model             10
total                    28

Select jobs to execute...
Execute 1 jobs...
[Mon May 19 15:12:32 2025]
localrule fit_multipoles:
    input: /home/boittier/Documents/github/MDCMfast/examples/ref/h2o-pot_culled.cube, /home/boittier/Documents/github/MDCMfast/examples/ref/h2o-dens_culled.cube
    output: /home/boittier/Documents/github/MDCMfast/results/h2o/1-mtp-fit/fitted-mtpl.dat
    jobid: 3
    reason: Code has changed since last execution
    resources: tmpdir=/tmp

[Mon May 19 15:12:33 2025]
Finished jobid: 3 (Rule: fit_multipoles)
1 of 28 steps (4%) done
Select jobs to execute...
Execute 6 jobs...
[Mon May 19 15:12:33 2025]
localrule fit_atomic_mdcm:
    input: /home/boittier/Documents/github/MDCMfast/examples/ref/h2o-pot.cube, /home/boittier/Documents/github/MDCMfast/examples/ref/h2o-dens.cube, /home/boittier/Documents/github/MDCMfast/results/h2o/1-mtp-fit/fitted-mtpl.dat
    output: /home/boittier/Documents/github/MDCMfast/results/h2o/2-fit-atoms/multipole_atom3_4charges.xyz, /home/boittier/Documents/github/MDCMfast/results/h2o/2-fit-atoms/multipole_atom3_4charges-fit.log
    jobid: 10
    reason: Missing output files: /home/boittier/Documents/github/MDCMfast/results/h2o/2-fit-atoms/multipole_atom3_4charges.xyz; Input files updated by another job: /home/boittier/Documents/github/MDCMfast/results/h2o/1-mtp-fit/fitted-mtpl.dat
    wildcards: atom_num=3, n_charges=4
    resources: tmpdir=/tmp

[Mon May 19 15:12:33 2025]
localrule fit_atomic_mdcm:
    input: /home/boittier/Documents/github/MDCMfast/examples/ref/h2o-pot.cube, /home/boittier/Documents/github/MDCMfast/examples/ref/h2o-dens.cube, /home/boittier/Documents/github/MDCMfast/results/h2o/1-mtp-fit/fitted-mtpl.dat
    output: /home/boittier/Documents/github/MDCMfast/results/h2o/2-fit-atoms/multipole_atom2_3charges.xyz, /home/boittier/Documents/github/MDCMfast/results/h2o/2-fit-atoms/multipole_atom2_3charges-fit.log
    jobid: 7
    reason: Missing output files: /home/boittier/Documents/github/MDCMfast/results/h2o/2-fit-atoms/multipole_atom2_3charges.xyz; Input files updated by another job: /home/boittier/Documents/github/MDCMfast/results/h2o/1-mtp-fit/fitted-mtpl.dat
    wildcards: atom_num=2, n_charges=3
    resources: tmpdir=/tmp

[Mon May 19 15:12:33 2025]
localrule fit_atomic_mdcm:
    input: /home/boittier/Documents/github/MDCMfast/examples/ref/h2o-pot.cube, /home/boittier/Documents/github/MDCMfast/examples/ref/h2o-dens.cube, /home/boittier/Documents/github/MDCMfast/results/h2o/1-mtp-fit/fitted-mtpl.dat
    output: /home/boittier/Documents/github/MDCMfast/results/h2o/2-fit-atoms/multipole_atom1_3charges.xyz, /home/boittier/Documents/github/MDCMfast/results/h2o/2-fit-atoms/multipole_atom1_3charges-fit.log
    jobid: 5
    reason: Missing output files: /home/boittier/Documents/github/MDCMfast/results/h2o/2-fit-atoms/multipole_atom1_3charges.xyz; Input files updated by another job: /home/boittier/Documents/github/MDCMfast/results/h2o/1-mtp-fit/fitted-mtpl.dat
    wildcards: atom_num=1, n_charges=3
    resources: tmpdir=/tmp

[Mon May 19 15:12:33 2025]
localrule fit_atomic_mdcm:
    input: /home/boittier/Documents/github/MDCMfast/examples/ref/h2o-pot.cube, /home/boittier/Documents/github/MDCMfast/examples/ref/h2o-dens.cube, /home/boittier/Documents/github/MDCMfast/results/h2o/1-mtp-fit/fitted-mtpl.dat
    output: /home/boittier/Documents/github/MDCMfast/results/h2o/2-fit-atoms/multipole_atom2_4charges.xyz, /home/boittier/Documents/github/MDCMfast/results/h2o/2-fit-atoms/multipole_atom2_4charges-fit.log
    jobid: 8
    reason: Missing output files: /home/boittier/Documents/github/MDCMfast/results/h2o/2-fit-atoms/multipole_atom2_4charges.xyz; Input files updated by another job: /home/boittier/Documents/github/MDCMfast/results/h2o/1-mtp-fit/fitted-mtpl.dat
    wildcards: atom_num=2, n_charges=4
    resources: tmpdir=/tmp

[Mon May 19 15:12:33 2025]
localrule fit_atomic_mdcm:
    input: /home/boittier/Documents/github/MDCMfast/examples/ref/h2o-pot.cube, /home/boittier/Documents/github/MDCMfast/examples/ref/h2o-dens.cube, /home/boittier/Documents/github/MDCMfast/results/h2o/1-mtp-fit/fitted-mtpl.dat
    output: /home/boittier/Documents/github/MDCMfast/results/h2o/2-fit-atoms/multipole_atom1_4charges.xyz, /home/boittier/Documents/github/MDCMfast/results/h2o/2-fit-atoms/multipole_atom1_4charges-fit.log
    jobid: 6
    reason: Missing output files: /home/boittier/Documents/github/MDCMfast/results/h2o/2-fit-atoms/multipole_atom1_4charges.xyz; Input files updated by another job: /home/boittier/Documents/github/MDCMfast/results/h2o/1-mtp-fit/fitted-mtpl.dat
    wildcards: atom_num=1, n_charges=4
    resources: tmpdir=/tmp

[Mon May 19 15:12:33 2025]
localrule fit_atomic_mdcm:
    input: /home/boittier/Documents/github/MDCMfast/examples/ref/h2o-pot.cube, /home/boittier/Documents/github/MDCMfast/examples/ref/h2o-dens.cube, /home/boittier/Documents/github/MDCMfast/results/h2o/1-mtp-fit/fitted-mtpl.dat
    output: /home/boittier/Documents/github/MDCMfast/results/h2o/2-fit-atoms/multipole_atom3_3charges.xyz, /home/boittier/Documents/github/MDCMfast/results/h2o/2-fit-atoms/multipole_atom3_3charges-fit.log
    jobid: 9
    reason: Missing output files: /home/boittier/Documents/github/MDCMfast/results/h2o/2-fit-atoms/multipole_atom3_3charges.xyz; Input files updated by another job: /home/boittier/Documents/github/MDCMfast/results/h2o/1-mtp-fit/fitted-mtpl.dat
    wildcards: atom_num=3, n_charges=3
    resources: tmpdir=/tmp

Terminating processes on user request, this might take some time.
RuleException:
CalledProcessError in file "/home/boittier/Documents/github/MDCMfast/examples/workflows/basic-fit/Snakefile", line 103:
Command 'set -euo pipefail;  
        mkdir -p $(dirname "/home/boittier/Documents/github/MDCMfast/results/h2o/2-fit-atoms/multipole_atom3_3charges.xyz")
        
        /home/boittier/Documents/github/MDCMfast/src/mdcmfast/bin/pcubefit.x -greedy -mtpfile /home/boittier/Documents/github/MDCMfast/results/h2o/1-mtp-fit/fitted-mtpl.dat                    -esp /home/boittier/Documents/github/MDCMfast/examples/ref/h2o-pot.cube -dens /home/boittier/Documents/github/MDCMfast/examples/ref/h2o-dens.cube                    -nacmin 3 -nacmax 3                    -atom 3 -ntry 1                    -onlymultipoles -v > /home/boittier/Documents/github/MDCMfast/results/h2o/2-fit-atoms/multipole_atom3_3charges-fit.log
        
        # Move output files to correct location
        mv "multipole3_3charges.xyz" "/home/boittier/Documents/github/MDCMfast/results/h2o/2-fit-atoms/multipole_atom3_3charges.xyz"' died with <Signals.SIGINT: 2>.
[Mon May 19 15:12:49 2025]
Error in rule fit_atomic_mdcm:
    message: None
    jobid: 9
    input: /home/boittier/Documents/github/MDCMfast/examples/ref/h2o-pot.cube, /home/boittier/Documents/github/MDCMfast/examples/ref/h2o-dens.cube, /home/boittier/Documents/github/MDCMfast/results/h2o/1-mtp-fit/fitted-mtpl.dat
    output: /home/boittier/Documents/github/MDCMfast/results/h2o/2-fit-atoms/multipole_atom3_3charges.xyz, /home/boittier/Documents/github/MDCMfast/results/h2o/2-fit-atoms/multipole_atom3_3charges-fit.log
    shell:
        
        mkdir -p $(dirname "/home/boittier/Documents/github/MDCMfast/results/h2o/2-fit-atoms/multipole_atom3_3charges.xyz")
        
        /home/boittier/Documents/github/MDCMfast/src/mdcmfast/bin/pcubefit.x -greedy -mtpfile /home/boittier/Documents/github/MDCMfast/results/h2o/1-mtp-fit/fitted-mtpl.dat                    -esp /home/boittier/Documents/github/MDCMfast/examples/ref/h2o-pot.cube -dens /home/boittier/Documents/github/MDCMfast/examples/ref/h2o-dens.cube                    -nacmin 3 -nacmax 3                    -atom 3 -ntry 1                    -onlymultipoles -v > /home/boittier/Documents/github/MDCMfast/results/h2o/2-fit-atoms/multipole_atom3_3charges-fit.log
        
        # Move output files to correct location
        mv "multipole3_3charges.xyz" "/home/boittier/Documents/github/MDCMfast/results/h2o/2-fit-atoms/multipole_atom3_3charges.xyz"

        
        (command exited with non-zero exit code)
RuleException:
CalledProcessError in file "/home/boittier/Documents/github/MDCMfast/examples/workflows/basic-fit/Snakefile", line 103:
Command 'set -euo pipefail;  
        mkdir -p $(dirname "/home/boittier/Documents/github/MDCMfast/results/h2o/2-fit-atoms/multipole_atom2_3charges.xyz")
        
        /home/boittier/Documents/github/MDCMfast/src/mdcmfast/bin/pcubefit.x -greedy -mtpfile /home/boittier/Documents/github/MDCMfast/results/h2o/1-mtp-fit/fitted-mtpl.dat                    -esp /home/boittier/Documents/github/MDCMfast/examples/ref/h2o-pot.cube -dens /home/boittier/Documents/github/MDCMfast/examples/ref/h2o-dens.cube                    -nacmin 3 -nacmax 3                    -atom 2 -ntry 1                    -onlymultipoles -v > /home/boittier/Documents/github/MDCMfast/results/h2o/2-fit-atoms/multipole_atom2_3charges-fit.log
        
        # Move output files to correct location
        mv "multipole2_3charges.xyz" "/home/boittier/Documents/github/MDCMfast/results/h2o/2-fit-atoms/multipole_atom2_3charges.xyz"' died with <Signals.SIGINT: 2>.
[Mon May 19 15:12:49 2025]
Error in rule fit_atomic_mdcm:
    message: None
    jobid: 7
    input: /home/boittier/Documents/github/MDCMfast/examples/ref/h2o-pot.cube, /home/boittier/Documents/github/MDCMfast/examples/ref/h2o-dens.cube, /home/boittier/Documents/github/MDCMfast/results/h2o/1-mtp-fit/fitted-mtpl.dat
    output: /home/boittier/Documents/github/MDCMfast/results/h2o/2-fit-atoms/multipole_atom2_3charges.xyz, /home/boittier/Documents/github/MDCMfast/results/h2o/2-fit-atoms/multipole_atom2_3charges-fit.log
    shell:
        
        mkdir -p $(dirname "/home/boittier/Documents/github/MDCMfast/results/h2o/2-fit-atoms/multipole_atom2_3charges.xyz")
        
        /home/boittier/Documents/github/MDCMfast/src/mdcmfast/bin/pcubefit.x -greedy -mtpfile /home/boittier/Documents/github/MDCMfast/results/h2o/1-mtp-fit/fitted-mtpl.dat                    -esp /home/boittier/Documents/github/MDCMfast/examples/ref/h2o-pot.cube -dens /home/boittier/Documents/github/MDCMfast/examples/ref/h2o-dens.cube                    -nacmin 3 -nacmax 3                    -atom 2 -ntry 1                    -onlymultipoles -v > /home/boittier/Documents/github/MDCMfast/results/h2o/2-fit-atoms/multipole_atom2_3charges-fit.log
        
        # Move output files to correct location
        mv "multipole2_3charges.xyz" "/home/boittier/Documents/github/MDCMfast/results/h2o/2-fit-atoms/multipole_atom2_3charges.xyz"

        
        (command exited with non-zero exit code)
RuleException:
CalledProcessError in file "/home/boittier/Documents/github/MDCMfast/examples/workflows/basic-fit/Snakefile", line 103:
Command 'set -euo pipefail;  
        mkdir -p $(dirname "/home/boittier/Documents/github/MDCMfast/results/h2o/2-fit-atoms/multipole_atom3_4charges.xyz")
        
        /home/boittier/Documents/github/MDCMfast/src/mdcmfast/bin/pcubefit.x -greedy -mtpfile /home/boittier/Documents/github/MDCMfast/results/h2o/1-mtp-fit/fitted-mtpl.dat                    -esp /home/boittier/Documents/github/MDCMfast/examples/ref/h2o-pot.cube -dens /home/boittier/Documents/github/MDCMfast/examples/ref/h2o-dens.cube                    -nacmin 4 -nacmax 4                    -atom 3 -ntry 1                    -onlymultipoles -v > /home/boittier/Documents/github/MDCMfast/results/h2o/2-fit-atoms/multipole_atom3_4charges-fit.log
        
        # Move output files to correct location
        mv "multipole3_4charges.xyz" "/home/boittier/Documents/github/MDCMfast/results/h2o/2-fit-atoms/multipole_atom3_4charges.xyz"' died with <Signals.SIGINT: 2>.
[Mon May 19 15:12:49 2025]
Error in rule fit_atomic_mdcm:
    message: None
    jobid: 10
    input: /home/boittier/Documents/github/MDCMfast/examples/ref/h2o-pot.cube, /home/boittier/Documents/github/MDCMfast/examples/ref/h2o-dens.cube, /home/boittier/Documents/github/MDCMfast/results/h2o/1-mtp-fit/fitted-mtpl.dat
    output: /home/boittier/Documents/github/MDCMfast/results/h2o/2-fit-atoms/multipole_atom3_4charges.xyz, /home/boittier/Documents/github/MDCMfast/results/h2o/2-fit-atoms/multipole_atom3_4charges-fit.log
    shell:
        
        mkdir -p $(dirname "/home/boittier/Documents/github/MDCMfast/results/h2o/2-fit-atoms/multipole_atom3_4charges.xyz")
        
        /home/boittier/Documents/github/MDCMfast/src/mdcmfast/bin/pcubefit.x -greedy -mtpfile /home/boittier/Documents/github/MDCMfast/results/h2o/1-mtp-fit/fitted-mtpl.dat                    -esp /home/boittier/Documents/github/MDCMfast/examples/ref/h2o-pot.cube -dens /home/boittier/Documents/github/MDCMfast/examples/ref/h2o-dens.cube                    -nacmin 4 -nacmax 4                    -atom 3 -ntry 1                    -onlymultipoles -v > /home/boittier/Documents/github/MDCMfast/results/h2o/2-fit-atoms/multipole_atom3_4charges-fit.log
        
        # Move output files to correct location
        mv "multipole3_4charges.xyz" "/home/boittier/Documents/github/MDCMfast/results/h2o/2-fit-atoms/multipole_atom3_4charges.xyz"

        
        (command exited with non-zero exit code)
RuleException:
CalledProcessError in file "/home/boittier/Documents/github/MDCMfast/examples/workflows/basic-fit/Snakefile", line 103:
Command 'set -euo pipefail;  
        mkdir -p $(dirname "/home/boittier/Documents/github/MDCMfast/results/h2o/2-fit-atoms/multipole_atom1_3charges.xyz")
        
        /home/boittier/Documents/github/MDCMfast/src/mdcmfast/bin/pcubefit.x -greedy -mtpfile /home/boittier/Documents/github/MDCMfast/results/h2o/1-mtp-fit/fitted-mtpl.dat                    -esp /home/boittier/Documents/github/MDCMfast/examples/ref/h2o-pot.cube -dens /home/boittier/Documents/github/MDCMfast/examples/ref/h2o-dens.cube                    -nacmin 3 -nacmax 3                    -atom 1 -ntry 1                    -onlymultipoles -v > /home/boittier/Documents/github/MDCMfast/results/h2o/2-fit-atoms/multipole_atom1_3charges-fit.log
        
        # Move output files to correct location
        mv "multipole1_3charges.xyz" "/home/boittier/Documents/github/MDCMfast/results/h2o/2-fit-atoms/multipole_atom1_3charges.xyz"' died with <Signals.SIGINT: 2>.
[Mon May 19 15:12:49 2025]
Error in rule fit_atomic_mdcm:
    message: None
    jobid: 5
    input: /home/boittier/Documents/github/MDCMfast/examples/ref/h2o-pot.cube, /home/boittier/Documents/github/MDCMfast/examples/ref/h2o-dens.cube, /home/boittier/Documents/github/MDCMfast/results/h2o/1-mtp-fit/fitted-mtpl.dat
    output: /home/boittier/Documents/github/MDCMfast/results/h2o/2-fit-atoms/multipole_atom1_3charges.xyz, /home/boittier/Documents/github/MDCMfast/results/h2o/2-fit-atoms/multipole_atom1_3charges-fit.log
    shell:
        
        mkdir -p $(dirname "/home/boittier/Documents/github/MDCMfast/results/h2o/2-fit-atoms/multipole_atom1_3charges.xyz")
        
        /home/boittier/Documents/github/MDCMfast/src/mdcmfast/bin/pcubefit.x -greedy -mtpfile /home/boittier/Documents/github/MDCMfast/results/h2o/1-mtp-fit/fitted-mtpl.dat                    -esp /home/boittier/Documents/github/MDCMfast/examples/ref/h2o-pot.cube -dens /home/boittier/Documents/github/MDCMfast/examples/ref/h2o-dens.cube                    -nacmin 3 -nacmax 3                    -atom 1 -ntry 1                    -onlymultipoles -v > /home/boittier/Documents/github/MDCMfast/results/h2o/2-fit-atoms/multipole_atom1_3charges-fit.log
        
        # Move output files to correct location
        mv "multipole1_3charges.xyz" "/home/boittier/Documents/github/MDCMfast/results/h2o/2-fit-atoms/multipole_atom1_3charges.xyz"

        
        (command exited with non-zero exit code)
RuleException:
CalledProcessError in file "/home/boittier/Documents/github/MDCMfast/examples/workflows/basic-fit/Snakefile", line 103:
Command 'set -euo pipefail;  
        mkdir -p $(dirname "/home/boittier/Documents/github/MDCMfast/results/h2o/2-fit-atoms/multipole_atom1_4charges.xyz")
        
        /home/boittier/Documents/github/MDCMfast/src/mdcmfast/bin/pcubefit.x -greedy -mtpfile /home/boittier/Documents/github/MDCMfast/results/h2o/1-mtp-fit/fitted-mtpl.dat                    -esp /home/boittier/Documents/github/MDCMfast/examples/ref/h2o-pot.cube -dens /home/boittier/Documents/github/MDCMfast/examples/ref/h2o-dens.cube                    -nacmin 4 -nacmax 4                    -atom 1 -ntry 1                    -onlymultipoles -v > /home/boittier/Documents/github/MDCMfast/results/h2o/2-fit-atoms/multipole_atom1_4charges-fit.log
        
        # Move output files to correct location
        mv "multipole1_4charges.xyz" "/home/boittier/Documents/github/MDCMfast/results/h2o/2-fit-atoms/multipole_atom1_4charges.xyz"' died with <Signals.SIGINT: 2>.
[Mon May 19 15:12:49 2025]
Error in rule fit_atomic_mdcm:
    message: None
    jobid: 6
    input: /home/boittier/Documents/github/MDCMfast/examples/ref/h2o-pot.cube, /home/boittier/Documents/github/MDCMfast/examples/ref/h2o-dens.cube, /home/boittier/Documents/github/MDCMfast/results/h2o/1-mtp-fit/fitted-mtpl.dat
    output: /home/boittier/Documents/github/MDCMfast/results/h2o/2-fit-atoms/multipole_atom1_4charges.xyz, /home/boittier/Documents/github/MDCMfast/results/h2o/2-fit-atoms/multipole_atom1_4charges-fit.log
    shell:
        
        mkdir -p $(dirname "/home/boittier/Documents/github/MDCMfast/results/h2o/2-fit-atoms/multipole_atom1_4charges.xyz")
        
        /home/boittier/Documents/github/MDCMfast/src/mdcmfast/bin/pcubefit.x -greedy -mtpfile /home/boittier/Documents/github/MDCMfast/results/h2o/1-mtp-fit/fitted-mtpl.dat                    -esp /home/boittier/Documents/github/MDCMfast/examples/ref/h2o-pot.cube -dens /home/boittier/Documents/github/MDCMfast/examples/ref/h2o-dens.cube                    -nacmin 4 -nacmax 4                    -atom 1 -ntry 1                    -onlymultipoles -v > /home/boittier/Documents/github/MDCMfast/results/h2o/2-fit-atoms/multipole_atom1_4charges-fit.log
        
        # Move output files to correct location
        mv "multipole1_4charges.xyz" "/home/boittier/Documents/github/MDCMfast/results/h2o/2-fit-atoms/multipole_atom1_4charges.xyz"

        
        (command exited with non-zero exit code)
RuleException:
CalledProcessError in file "/home/boittier/Documents/github/MDCMfast/examples/workflows/basic-fit/Snakefile", line 103:
Command 'set -euo pipefail;  
        mkdir -p $(dirname "/home/boittier/Documents/github/MDCMfast/results/h2o/2-fit-atoms/multipole_atom2_4charges.xyz")
        
        /home/boittier/Documents/github/MDCMfast/src/mdcmfast/bin/pcubefit.x -greedy -mtpfile /home/boittier/Documents/github/MDCMfast/results/h2o/1-mtp-fit/fitted-mtpl.dat                    -esp /home/boittier/Documents/github/MDCMfast/examples/ref/h2o-pot.cube -dens /home/boittier/Documents/github/MDCMfast/examples/ref/h2o-dens.cube                    -nacmin 4 -nacmax 4                    -atom 2 -ntry 1                    -onlymultipoles -v > /home/boittier/Documents/github/MDCMfast/results/h2o/2-fit-atoms/multipole_atom2_4charges-fit.log
        
        # Move output files to correct location
        mv "multipole2_4charges.xyz" "/home/boittier/Documents/github/MDCMfast/results/h2o/2-fit-atoms/multipole_atom2_4charges.xyz"' died with <Signals.SIGINT: 2>.
[Mon May 19 15:12:49 2025]
Error in rule fit_atomic_mdcm:
    message: None
    jobid: 8
    input: /home/boittier/Documents/github/MDCMfast/examples/ref/h2o-pot.cube, /home/boittier/Documents/github/MDCMfast/examples/ref/h2o-dens.cube, /home/boittier/Documents/github/MDCMfast/results/h2o/1-mtp-fit/fitted-mtpl.dat
    output: /home/boittier/Documents/github/MDCMfast/results/h2o/2-fit-atoms/multipole_atom2_4charges.xyz, /home/boittier/Documents/github/MDCMfast/results/h2o/2-fit-atoms/multipole_atom2_4charges-fit.log
    shell:
        
        mkdir -p $(dirname "/home/boittier/Documents/github/MDCMfast/results/h2o/2-fit-atoms/multipole_atom2_4charges.xyz")
        
        /home/boittier/Documents/github/MDCMfast/src/mdcmfast/bin/pcubefit.x -greedy -mtpfile /home/boittier/Documents/github/MDCMfast/results/h2o/1-mtp-fit/fitted-mtpl.dat                    -esp /home/boittier/Documents/github/MDCMfast/examples/ref/h2o-pot.cube -dens /home/boittier/Documents/github/MDCMfast/examples/ref/h2o-dens.cube                    -nacmin 4 -nacmax 4                    -atom 2 -ntry 1                    -onlymultipoles -v > /home/boittier/Documents/github/MDCMfast/results/h2o/2-fit-atoms/multipole_atom2_4charges-fit.log
        
        # Move output files to correct location
        mv "multipole2_4charges.xyz" "/home/boittier/Documents/github/MDCMfast/results/h2o/2-fit-atoms/multipole_atom2_4charges.xyz"

        
        (command exited with non-zero exit code)
Complete log(s): /home/boittier/Documents/github/MDCMfast/examples/workflows/basic-fit/.snakemake/log/2025-05-19T151232.649604.snakemake.log
WorkflowError:
At least one job did not complete successfully.
