Assuming unrestricted shared filesystem usage.
None
host: pc-mm025
Building DAG of jobs...
Using shell: /usr/bin/bash
Provided cores: 10
Rules claiming more threads will be scaled down.
Job stats:
job                      count
---------------------  -------
all                          1
fit_atomic_mdcm              3
fit_molecular_mdcm           7
generate_charmm_files        7
total                       18

Select jobs to execute...
Execute 3 jobs...
[Mon May 19 12:54:13 2025]
localrule fit_atomic_mdcm:
    input: /home/boittier/Documents/github/MDCMfast/examples/ref/h2o-pot.cube, /home/boittier/Documents/github/MDCMfast/examples/ref/h2o-dens.cube, /home/boittier/Documents/github/MDCMfast/results/h2o/1-mtp-fit/fitted-mtpl.dat
    output: /home/boittier/Documents/github/MDCMfast/results/h2o/2-fit-atoms/h2o_atom3.xyz, /home/boittier/Documents/github/MDCMfast/results/h2o/2-fit-atoms/h2o_atom3-fit.log
    jobid: 6
    reason: Missing output files: /home/boittier/Documents/github/MDCMfast/results/h2o/2-fit-atoms/h2o_atom3.xyz
    wildcards: atom_num=3
    resources: tmpdir=/tmp

[Mon May 19 12:54:13 2025]
localrule fit_atomic_mdcm:
    input: /home/boittier/Documents/github/MDCMfast/examples/ref/h2o-pot.cube, /home/boittier/Documents/github/MDCMfast/examples/ref/h2o-dens.cube, /home/boittier/Documents/github/MDCMfast/results/h2o/1-mtp-fit/fitted-mtpl.dat
    output: /home/boittier/Documents/github/MDCMfast/results/h2o/2-fit-atoms/h2o_atom1.xyz, /home/boittier/Documents/github/MDCMfast/results/h2o/2-fit-atoms/h2o_atom1-fit.log
    jobid: 4
    reason: Missing output files: /home/boittier/Documents/github/MDCMfast/results/h2o/2-fit-atoms/h2o_atom1.xyz
    wildcards: atom_num=1
    resources: tmpdir=/tmp

[Mon May 19 12:54:13 2025]
localrule fit_atomic_mdcm:
    input: /home/boittier/Documents/github/MDCMfast/examples/ref/h2o-pot.cube, /home/boittier/Documents/github/MDCMfast/examples/ref/h2o-dens.cube, /home/boittier/Documents/github/MDCMfast/results/h2o/1-mtp-fit/fitted-mtpl.dat
    output: /home/boittier/Documents/github/MDCMfast/results/h2o/2-fit-atoms/h2o_atom2.xyz, /home/boittier/Documents/github/MDCMfast/results/h2o/2-fit-atoms/h2o_atom2-fit.log
    jobid: 5
    reason: Missing output files: /home/boittier/Documents/github/MDCMfast/results/h2o/2-fit-atoms/h2o_atom2.xyz
    wildcards: atom_num=2
    resources: tmpdir=/tmp

Waiting at most 600 seconds for missing files:
/home/boittier/Documents/github/MDCMfast/results/h2o/2-fit-atoms/h2o_atom3.xyz (missing locally)
MissingOutputException in rule fit_atomic_mdcm in file "/home/boittier/Documents/github/MDCMfast/examples/workflows/basic-fit/Snakefile", line 73:
Job 6  completed successfully, but some output files are missing. Missing files after 600 seconds. This might be due to filesystem latency. If that is the case, consider to increase the wait time with --latency-wait:
/home/boittier/Documents/github/MDCMfast/results/h2o/2-fit-atoms/h2o_atom3.xyz (missing locally, parent dir contents: h2o_atom1-fit.log, h2o_atom3-fit.log, h2o_atom2-fit.log)
Removing output files of failed job fit_atomic_mdcm since they might be corrupted:
/home/boittier/Documents/github/MDCMfast/results/h2o/2-fit-atoms/h2o_atom3-fit.log
Waiting at most 600 seconds for missing files:
/home/boittier/Documents/github/MDCMfast/results/h2o/2-fit-atoms/h2o_atom2.xyz (missing locally)
MissingOutputException in rule fit_atomic_mdcm in file "/home/boittier/Documents/github/MDCMfast/examples/workflows/basic-fit/Snakefile", line 73:
Job 5  completed successfully, but some output files are missing. Missing files after 600 seconds. This might be due to filesystem latency. If that is the case, consider to increase the wait time with --latency-wait:
/home/boittier/Documents/github/MDCMfast/results/h2o/2-fit-atoms/h2o_atom2.xyz (missing locally, parent dir contents: h2o_atom1-fit.log, h2o_atom2-fit.log)
Removing output files of failed job fit_atomic_mdcm since they might be corrupted:
/home/boittier/Documents/github/MDCMfast/results/h2o/2-fit-atoms/h2o_atom2-fit.log
Waiting at most 600 seconds for missing files:
/home/boittier/Documents/github/MDCMfast/results/h2o/2-fit-atoms/h2o_atom1.xyz (missing locally)
MissingOutputException in rule fit_atomic_mdcm in file "/home/boittier/Documents/github/MDCMfast/examples/workflows/basic-fit/Snakefile", line 73:
Job 4  completed successfully, but some output files are missing. Missing files after 600 seconds. This might be due to filesystem latency. If that is the case, consider to increase the wait time with --latency-wait:
/home/boittier/Documents/github/MDCMfast/results/h2o/2-fit-atoms/h2o_atom1.xyz (missing locally, parent dir contents: h2o_atom1-fit.log)
Removing output files of failed job fit_atomic_mdcm since they might be corrupted:
/home/boittier/Documents/github/MDCMfast/results/h2o/2-fit-atoms/h2o_atom1-fit.log
Shutting down, this might take some time.
Exiting because a job execution failed. Look below for error messages
[Mon May 19 13:35:05 2025]
Error in rule fit_atomic_mdcm:
    message: None
    jobid: 6
    input: /home/boittier/Documents/github/MDCMfast/examples/ref/h2o-pot.cube, /home/boittier/Documents/github/MDCMfast/examples/ref/h2o-dens.cube, /home/boittier/Documents/github/MDCMfast/results/h2o/1-mtp-fit/fitted-mtpl.dat
    output: /home/boittier/Documents/github/MDCMfast/results/h2o/2-fit-atoms/h2o_atom3.xyz, /home/boittier/Documents/github/MDCMfast/results/h2o/2-fit-atoms/h2o_atom3-fit.log
    shell:
        
        /home/boittier/Documents/github/MDCMfast/src/mdcmfast/bin/pcubefit.x -greedy -mtpfile /home/boittier/Documents/github/MDCMfast/results/h2o/1-mtp-fit/fitted-mtpl.dat                    -esp /home/boittier/Documents/github/MDCMfast/examples/ref/h2o-pot.cube -dens /home/boittier/Documents/github/MDCMfast/examples/ref/h2o-dens.cube                    -nacmin 1 -nacmax 4                    -atom 3 -ntry 3                    -onlymultipoles -v > /home/boittier/Documents/github/MDCMfast/results/h2o/2-fit-atoms/h2o_atom3-fit.log
        
        (command exited with non-zero exit code)
[Mon May 19 13:35:05 2025]
Error in rule fit_atomic_mdcm:
    message: None
    jobid: 4
    input: /home/boittier/Documents/github/MDCMfast/examples/ref/h2o-pot.cube, /home/boittier/Documents/github/MDCMfast/examples/ref/h2o-dens.cube, /home/boittier/Documents/github/MDCMfast/results/h2o/1-mtp-fit/fitted-mtpl.dat
    output: /home/boittier/Documents/github/MDCMfast/results/h2o/2-fit-atoms/h2o_atom1.xyz, /home/boittier/Documents/github/MDCMfast/results/h2o/2-fit-atoms/h2o_atom1-fit.log
    shell:
        
        /home/boittier/Documents/github/MDCMfast/src/mdcmfast/bin/pcubefit.x -greedy -mtpfile /home/boittier/Documents/github/MDCMfast/results/h2o/1-mtp-fit/fitted-mtpl.dat                    -esp /home/boittier/Documents/github/MDCMfast/examples/ref/h2o-pot.cube -dens /home/boittier/Documents/github/MDCMfast/examples/ref/h2o-dens.cube                    -nacmin 1 -nacmax 4                    -atom 1 -ntry 3                    -onlymultipoles -v > /home/boittier/Documents/github/MDCMfast/results/h2o/2-fit-atoms/h2o_atom1-fit.log
        
        (command exited with non-zero exit code)
[Mon May 19 13:35:05 2025]
Error in rule fit_atomic_mdcm:
    message: None
    jobid: 5
    input: /home/boittier/Documents/github/MDCMfast/examples/ref/h2o-pot.cube, /home/boittier/Documents/github/MDCMfast/examples/ref/h2o-dens.cube, /home/boittier/Documents/github/MDCMfast/results/h2o/1-mtp-fit/fitted-mtpl.dat
    output: /home/boittier/Documents/github/MDCMfast/results/h2o/2-fit-atoms/h2o_atom2.xyz, /home/boittier/Documents/github/MDCMfast/results/h2o/2-fit-atoms/h2o_atom2-fit.log
    shell:
        
        /home/boittier/Documents/github/MDCMfast/src/mdcmfast/bin/pcubefit.x -greedy -mtpfile /home/boittier/Documents/github/MDCMfast/results/h2o/1-mtp-fit/fitted-mtpl.dat                    -esp /home/boittier/Documents/github/MDCMfast/examples/ref/h2o-pot.cube -dens /home/boittier/Documents/github/MDCMfast/examples/ref/h2o-dens.cube                    -nacmin 1 -nacmax 4                    -atom 2 -ntry 3                    -onlymultipoles -v > /home/boittier/Documents/github/MDCMfast/results/h2o/2-fit-atoms/h2o_atom2-fit.log
        
        (command exited with non-zero exit code)
Complete log(s): /home/boittier/Documents/github/MDCMfast/examples/workflows/basic-fit/.snakemake/log/2025-05-19T125413.164066.snakemake.log
WorkflowError:
At least one job did not complete successfully.
