Assuming unrestricted shared filesystem usage.
None
host: pc-mm025
Building DAG of jobs...
Using shell: /usr/bin/bash
Provided cores: 10
Rules claiming more threads will be scaled down.
Job stats:
job                   count
------------------  -------
all                       1
fit_molecular_mdcm        7
refine_model             10
total                    18

Select jobs to execute...
Execute 10 jobs...
[Tue May 20 09:27:33 2025]
localrule refine_model:
    input: /home/boittier/Documents/github/MDCMfast/results/h2o/3-fit-molecule/h2o_5charges.xyz, /home/boittier/Documents/github/MDCMfast/examples/ref/h2o-pot.cube, /home/boittier/Documents/github/MDCMfast/examples/ref/h2o-dens.cube, /home/boittier/Documents/github/MDCMfast/results/h2o/1-mtp-fit/fitted-mtpl.dat
    output: /home/boittier/Documents/github/MDCMfast/results/h2o/4-refined/h2o_5charges_refined.xyz, /home/boittier/Documents/github/MDCMfast/results/h2o/4-refined/h2o_5charges_refined.log
    jobid: 13
    reason: Missing output files: /home/boittier/Documents/github/MDCMfast/results/h2o/4-refined/h2o_5charges_refined.xyz
    wildcards: n_charges_model=5
    resources: tmpdir=/tmp

[Tue May 20 09:27:33 2025]
localrule refine_model:
    input: /home/boittier/Documents/github/MDCMfast/results/h2o/3-fit-molecule/h2o_4charges.xyz, /home/boittier/Documents/github/MDCMfast/examples/ref/h2o-pot.cube, /home/boittier/Documents/github/MDCMfast/examples/ref/h2o-dens.cube, /home/boittier/Documents/github/MDCMfast/results/h2o/1-mtp-fit/fitted-mtpl.dat
    output: /home/boittier/Documents/github/MDCMfast/results/h2o/4-refined/h2o_4charges_refined.xyz, /home/boittier/Documents/github/MDCMfast/results/h2o/4-refined/h2o_4charges_refined.log
    jobid: 11
    reason: Missing output files: /home/boittier/Documents/github/MDCMfast/results/h2o/4-refined/h2o_4charges_refined.xyz
    wildcards: n_charges_model=4
    resources: tmpdir=/tmp

[Tue May 20 09:27:33 2025]
localrule fit_molecular_mdcm:
    input: /home/boittier/Documents/github/MDCMfast/examples/ref/h2o-pot.cube, /home/boittier/Documents/github/MDCMfast/examples/ref/h2o-dens.cube, /home/boittier/Documents/github/MDCMfast/results/h2o/1-mtp-fit/fitted-mtpl.dat, /home/boittier/Documents/github/MDCMfast/results/h2o/2-fit-atoms/multipole_atom1_3charges.xyz, /home/boittier/Documents/github/MDCMfast/results/h2o/2-fit-atoms/multipole_atom1_4charges.xyz, /home/boittier/Documents/github/MDCMfast/results/h2o/2-fit-atoms/multipole_atom2_3charges.xyz, /home/boittier/Documents/github/MDCMfast/results/h2o/2-fit-atoms/multipole_atom2_4charges.xyz, /home/boittier/Documents/github/MDCMfast/results/h2o/2-fit-atoms/multipole_atom3_3charges.xyz, /home/boittier/Documents/github/MDCMfast/results/h2o/2-fit-atoms/multipole_atom3_4charges.xyz
    output: /home/boittier/Documents/github/MDCMfast/results/h2o/3-fit-molecule/h2o_6charges.xyz, /home/boittier/Documents/github/MDCMfast/results/h2o/3-fit-molecule/h2o_6charges.log
    jobid: 16
    reason: Forced execution
    wildcards: n_charges_model=6
    resources: tmpdir=/tmp

[Tue May 20 09:27:33 2025]
localrule fit_molecular_mdcm:
    input: /home/boittier/Documents/github/MDCMfast/examples/ref/h2o-pot.cube, /home/boittier/Documents/github/MDCMfast/examples/ref/h2o-dens.cube, /home/boittier/Documents/github/MDCMfast/results/h2o/1-mtp-fit/fitted-mtpl.dat, /home/boittier/Documents/github/MDCMfast/results/h2o/2-fit-atoms/multipole_atom1_3charges.xyz, /home/boittier/Documents/github/MDCMfast/results/h2o/2-fit-atoms/multipole_atom1_4charges.xyz, /home/boittier/Documents/github/MDCMfast/results/h2o/2-fit-atoms/multipole_atom2_3charges.xyz, /home/boittier/Documents/github/MDCMfast/results/h2o/2-fit-atoms/multipole_atom2_4charges.xyz, /home/boittier/Documents/github/MDCMfast/results/h2o/2-fit-atoms/multipole_atom3_3charges.xyz, /home/boittier/Documents/github/MDCMfast/results/h2o/2-fit-atoms/multipole_atom3_4charges.xyz
    output: /home/boittier/Documents/github/MDCMfast/results/h2o/3-fit-molecule/h2o_7charges.xyz, /home/boittier/Documents/github/MDCMfast/results/h2o/3-fit-molecule/h2o_7charges.log
    jobid: 18
    reason: Forced execution
    wildcards: n_charges_model=7
    resources: tmpdir=/tmp

[Tue May 20 09:27:33 2025]
localrule fit_molecular_mdcm:
    input: /home/boittier/Documents/github/MDCMfast/examples/ref/h2o-pot.cube, /home/boittier/Documents/github/MDCMfast/examples/ref/h2o-dens.cube, /home/boittier/Documents/github/MDCMfast/results/h2o/1-mtp-fit/fitted-mtpl.dat, /home/boittier/Documents/github/MDCMfast/results/h2o/2-fit-atoms/multipole_atom1_3charges.xyz, /home/boittier/Documents/github/MDCMfast/results/h2o/2-fit-atoms/multipole_atom1_4charges.xyz, /home/boittier/Documents/github/MDCMfast/results/h2o/2-fit-atoms/multipole_atom2_3charges.xyz, /home/boittier/Documents/github/MDCMfast/results/h2o/2-fit-atoms/multipole_atom2_4charges.xyz, /home/boittier/Documents/github/MDCMfast/results/h2o/2-fit-atoms/multipole_atom3_3charges.xyz, /home/boittier/Documents/github/MDCMfast/results/h2o/2-fit-atoms/multipole_atom3_4charges.xyz
    output: /home/boittier/Documents/github/MDCMfast/results/h2o/3-fit-molecule/h2o_8charges.xyz, /home/boittier/Documents/github/MDCMfast/results/h2o/3-fit-molecule/h2o_8charges.log
    jobid: 20
    reason: Forced execution
    wildcards: n_charges_model=8
    resources: tmpdir=/tmp

[Tue May 20 09:27:33 2025]
localrule refine_model:
    input: /home/boittier/Documents/github/MDCMfast/results/h2o/3-fit-molecule/h2o_3charges.xyz, /home/boittier/Documents/github/MDCMfast/examples/ref/h2o-pot.cube, /home/boittier/Documents/github/MDCMfast/examples/ref/h2o-dens.cube, /home/boittier/Documents/github/MDCMfast/results/h2o/1-mtp-fit/fitted-mtpl.dat
    output: /home/boittier/Documents/github/MDCMfast/results/h2o/4-refined/h2o_3charges_refined.xyz, /home/boittier/Documents/github/MDCMfast/results/h2o/4-refined/h2o_3charges_refined.log
    jobid: 1
    reason: Missing output files: /home/boittier/Documents/github/MDCMfast/results/h2o/4-refined/h2o_3charges_refined.xyz
    wildcards: n_charges_model=3
    resources: tmpdir=/tmp

[Tue May 20 09:27:33 2025]
localrule fit_molecular_mdcm:
    input: /home/boittier/Documents/github/MDCMfast/examples/ref/h2o-pot.cube, /home/boittier/Documents/github/MDCMfast/examples/ref/h2o-dens.cube, /home/boittier/Documents/github/MDCMfast/results/h2o/1-mtp-fit/fitted-mtpl.dat, /home/boittier/Documents/github/MDCMfast/results/h2o/2-fit-atoms/multipole_atom1_3charges.xyz, /home/boittier/Documents/github/MDCMfast/results/h2o/2-fit-atoms/multipole_atom1_4charges.xyz, /home/boittier/Documents/github/MDCMfast/results/h2o/2-fit-atoms/multipole_atom2_3charges.xyz, /home/boittier/Documents/github/MDCMfast/results/h2o/2-fit-atoms/multipole_atom2_4charges.xyz, /home/boittier/Documents/github/MDCMfast/results/h2o/2-fit-atoms/multipole_atom3_3charges.xyz, /home/boittier/Documents/github/MDCMfast/results/h2o/2-fit-atoms/multipole_atom3_4charges.xyz
    output: /home/boittier/Documents/github/MDCMfast/results/h2o/3-fit-molecule/h2o_9charges.xyz, /home/boittier/Documents/github/MDCMfast/results/h2o/3-fit-molecule/h2o_9charges.log
    jobid: 22
    reason: Forced execution
    wildcards: n_charges_model=9
    resources: tmpdir=/tmp

[Tue May 20 09:27:33 2025]
localrule fit_molecular_mdcm:
    input: /home/boittier/Documents/github/MDCMfast/examples/ref/h2o-pot.cube, /home/boittier/Documents/github/MDCMfast/examples/ref/h2o-dens.cube, /home/boittier/Documents/github/MDCMfast/results/h2o/1-mtp-fit/fitted-mtpl.dat, /home/boittier/Documents/github/MDCMfast/results/h2o/2-fit-atoms/multipole_atom1_3charges.xyz, /home/boittier/Documents/github/MDCMfast/results/h2o/2-fit-atoms/multipole_atom1_4charges.xyz, /home/boittier/Documents/github/MDCMfast/results/h2o/2-fit-atoms/multipole_atom2_3charges.xyz, /home/boittier/Documents/github/MDCMfast/results/h2o/2-fit-atoms/multipole_atom2_4charges.xyz, /home/boittier/Documents/github/MDCMfast/results/h2o/2-fit-atoms/multipole_atom3_3charges.xyz, /home/boittier/Documents/github/MDCMfast/results/h2o/2-fit-atoms/multipole_atom3_4charges.xyz
    output: /home/boittier/Documents/github/MDCMfast/results/h2o/3-fit-molecule/h2o_10charges.xyz, /home/boittier/Documents/github/MDCMfast/results/h2o/3-fit-molecule/h2o_10charges.log
    jobid: 24
    reason: Forced execution
    wildcards: n_charges_model=10
    resources: tmpdir=/tmp

[Tue May 20 09:27:33 2025]
localrule fit_molecular_mdcm:
    input: /home/boittier/Documents/github/MDCMfast/examples/ref/h2o-pot.cube, /home/boittier/Documents/github/MDCMfast/examples/ref/h2o-dens.cube, /home/boittier/Documents/github/MDCMfast/results/h2o/1-mtp-fit/fitted-mtpl.dat, /home/boittier/Documents/github/MDCMfast/results/h2o/2-fit-atoms/multipole_atom1_3charges.xyz, /home/boittier/Documents/github/MDCMfast/results/h2o/2-fit-atoms/multipole_atom1_4charges.xyz, /home/boittier/Documents/github/MDCMfast/results/h2o/2-fit-atoms/multipole_atom2_3charges.xyz, /home/boittier/Documents/github/MDCMfast/results/h2o/2-fit-atoms/multipole_atom2_4charges.xyz, /home/boittier/Documents/github/MDCMfast/results/h2o/2-fit-atoms/multipole_atom3_3charges.xyz, /home/boittier/Documents/github/MDCMfast/results/h2o/2-fit-atoms/multipole_atom3_4charges.xyz
    output: /home/boittier/Documents/github/MDCMfast/results/h2o/3-fit-molecule/h2o_11charges.xyz, /home/boittier/Documents/github/MDCMfast/results/h2o/3-fit-molecule/h2o_11charges.log
    jobid: 26
    reason: Forced execution
    wildcards: n_charges_model=11
    resources: tmpdir=/tmp

[Tue May 20 09:27:33 2025]
localrule fit_molecular_mdcm:
    input: /home/boittier/Documents/github/MDCMfast/examples/ref/h2o-pot.cube, /home/boittier/Documents/github/MDCMfast/examples/ref/h2o-dens.cube, /home/boittier/Documents/github/MDCMfast/results/h2o/1-mtp-fit/fitted-mtpl.dat, /home/boittier/Documents/github/MDCMfast/results/h2o/2-fit-atoms/multipole_atom1_3charges.xyz, /home/boittier/Documents/github/MDCMfast/results/h2o/2-fit-atoms/multipole_atom1_4charges.xyz, /home/boittier/Documents/github/MDCMfast/results/h2o/2-fit-atoms/multipole_atom2_3charges.xyz, /home/boittier/Documents/github/MDCMfast/results/h2o/2-fit-atoms/multipole_atom2_4charges.xyz, /home/boittier/Documents/github/MDCMfast/results/h2o/2-fit-atoms/multipole_atom3_3charges.xyz, /home/boittier/Documents/github/MDCMfast/results/h2o/2-fit-atoms/multipole_atom3_4charges.xyz
    output: /home/boittier/Documents/github/MDCMfast/results/h2o/3-fit-molecule/h2o_12charges.xyz, /home/boittier/Documents/github/MDCMfast/results/h2o/3-fit-molecule/h2o_12charges.log
    jobid: 28
    reason: Forced execution
    wildcards: n_charges_model=12
    resources: tmpdir=/tmp

RuleException:
CalledProcessError in file "/home/boittier/Documents/github/MDCMfast/examples/workflows/basic-fit/Snakefile", line 159:
Command 'set -euo pipefail;  
        mkdir -p $(dirname /home/boittier/Documents/github/MDCMfast/results/h2o/4-refined/h2o_3charges_refined.xyz)
        
        /home/boittier/Documents/github/MDCMfast/src/mdcmfast/bin/pcubefit.x -xyz /home/boittier/Documents/github/MDCMfast/results/h2o/3-fit-molecule/h2o_3charges.xyz -mtpfile /home/boittier/Documents/github/MDCMfast/results/h2o/1-mtp-fit/fitted-mtpl.dat -simplex                    -esp /home/boittier/Documents/github/MDCMfast/examples/ref/h2o-pot.cube -dens /home/boittier/Documents/github/MDCMfast/examples/ref/h2o-dens.cube                    -nacmax 4 -ntry 1 -v > /home/boittier/Documents/github/MDCMfast/results/h2o/4-refined/h2o_3charges_refined.log
        
        # Move refined output to correct location
        mv refined.xyz /home/boittier/Documents/github/MDCMfast/results/h2o/4-refined/h2o_3charges_refined.xyz' returned non-zero exit status 1.
[Tue May 20 09:27:34 2025]
Error in rule refine_model:
    message: None
    jobid: 1
    input: /home/boittier/Documents/github/MDCMfast/results/h2o/3-fit-molecule/h2o_3charges.xyz, /home/boittier/Documents/github/MDCMfast/examples/ref/h2o-pot.cube, /home/boittier/Documents/github/MDCMfast/examples/ref/h2o-dens.cube, /home/boittier/Documents/github/MDCMfast/results/h2o/1-mtp-fit/fitted-mtpl.dat
    output: /home/boittier/Documents/github/MDCMfast/results/h2o/4-refined/h2o_3charges_refined.xyz, /home/boittier/Documents/github/MDCMfast/results/h2o/4-refined/h2o_3charges_refined.log
    shell:
        
        mkdir -p $(dirname /home/boittier/Documents/github/MDCMfast/results/h2o/4-refined/h2o_3charges_refined.xyz)
        
        /home/boittier/Documents/github/MDCMfast/src/mdcmfast/bin/pcubefit.x -xyz /home/boittier/Documents/github/MDCMfast/results/h2o/3-fit-molecule/h2o_3charges.xyz -mtpfile /home/boittier/Documents/github/MDCMfast/results/h2o/1-mtp-fit/fitted-mtpl.dat -simplex                    -esp /home/boittier/Documents/github/MDCMfast/examples/ref/h2o-pot.cube -dens /home/boittier/Documents/github/MDCMfast/examples/ref/h2o-dens.cube                    -nacmax 4 -ntry 1 -v > /home/boittier/Documents/github/MDCMfast/results/h2o/4-refined/h2o_3charges_refined.log
        
        # Move refined output to correct location
        mv refined.xyz /home/boittier/Documents/github/MDCMfast/results/h2o/4-refined/h2o_3charges_refined.xyz
        
        (command exited with non-zero exit code)
Removing output files of failed job refine_model since they might be corrupted:
/home/boittier/Documents/github/MDCMfast/results/h2o/4-refined/h2o_3charges_refined.log
RuleException:
CalledProcessError in file "/home/boittier/Documents/github/MDCMfast/examples/workflows/basic-fit/Snakefile", line 159:
Command 'set -euo pipefail;  
        mkdir -p $(dirname /home/boittier/Documents/github/MDCMfast/results/h2o/4-refined/h2o_4charges_refined.xyz)
        
        /home/boittier/Documents/github/MDCMfast/src/mdcmfast/bin/pcubefit.x -xyz /home/boittier/Documents/github/MDCMfast/results/h2o/3-fit-molecule/h2o_4charges.xyz -mtpfile /home/boittier/Documents/github/MDCMfast/results/h2o/1-mtp-fit/fitted-mtpl.dat -simplex                    -esp /home/boittier/Documents/github/MDCMfast/examples/ref/h2o-pot.cube -dens /home/boittier/Documents/github/MDCMfast/examples/ref/h2o-dens.cube                    -nacmax 4 -ntry 1 -v > /home/boittier/Documents/github/MDCMfast/results/h2o/4-refined/h2o_4charges_refined.log
        
        # Move refined output to correct location
        mv refined.xyz /home/boittier/Documents/github/MDCMfast/results/h2o/4-refined/h2o_4charges_refined.xyz' returned non-zero exit status 1.
[Tue May 20 09:27:35 2025]
Error in rule refine_model:
    message: None
    jobid: 11
    input: /home/boittier/Documents/github/MDCMfast/results/h2o/3-fit-molecule/h2o_4charges.xyz, /home/boittier/Documents/github/MDCMfast/examples/ref/h2o-pot.cube, /home/boittier/Documents/github/MDCMfast/examples/ref/h2o-dens.cube, /home/boittier/Documents/github/MDCMfast/results/h2o/1-mtp-fit/fitted-mtpl.dat
    output: /home/boittier/Documents/github/MDCMfast/results/h2o/4-refined/h2o_4charges_refined.xyz, /home/boittier/Documents/github/MDCMfast/results/h2o/4-refined/h2o_4charges_refined.log
    shell:
        
        mkdir -p $(dirname /home/boittier/Documents/github/MDCMfast/results/h2o/4-refined/h2o_4charges_refined.xyz)
        
        /home/boittier/Documents/github/MDCMfast/src/mdcmfast/bin/pcubefit.x -xyz /home/boittier/Documents/github/MDCMfast/results/h2o/3-fit-molecule/h2o_4charges.xyz -mtpfile /home/boittier/Documents/github/MDCMfast/results/h2o/1-mtp-fit/fitted-mtpl.dat -simplex                    -esp /home/boittier/Documents/github/MDCMfast/examples/ref/h2o-pot.cube -dens /home/boittier/Documents/github/MDCMfast/examples/ref/h2o-dens.cube                    -nacmax 4 -ntry 1 -v > /home/boittier/Documents/github/MDCMfast/results/h2o/4-refined/h2o_4charges_refined.log
        
        # Move refined output to correct location
        mv refined.xyz /home/boittier/Documents/github/MDCMfast/results/h2o/4-refined/h2o_4charges_refined.xyz
        
        (command exited with non-zero exit code)
Removing output files of failed job refine_model since they might be corrupted:
/home/boittier/Documents/github/MDCMfast/results/h2o/4-refined/h2o_4charges_refined.log
RuleException:
CalledProcessError in file "/home/boittier/Documents/github/MDCMfast/examples/workflows/basic-fit/Snakefile", line 159:
Command 'set -euo pipefail;  
        mkdir -p $(dirname /home/boittier/Documents/github/MDCMfast/results/h2o/4-refined/h2o_5charges_refined.xyz)
        
        /home/boittier/Documents/github/MDCMfast/src/mdcmfast/bin/pcubefit.x -xyz /home/boittier/Documents/github/MDCMfast/results/h2o/3-fit-molecule/h2o_5charges.xyz -mtpfile /home/boittier/Documents/github/MDCMfast/results/h2o/1-mtp-fit/fitted-mtpl.dat -simplex                    -esp /home/boittier/Documents/github/MDCMfast/examples/ref/h2o-pot.cube -dens /home/boittier/Documents/github/MDCMfast/examples/ref/h2o-dens.cube                    -nacmax 4 -ntry 1 -v > /home/boittier/Documents/github/MDCMfast/results/h2o/4-refined/h2o_5charges_refined.log
        
        # Move refined output to correct location
        mv refined.xyz /home/boittier/Documents/github/MDCMfast/results/h2o/4-refined/h2o_5charges_refined.xyz' returned non-zero exit status 1.
[Tue May 20 09:27:35 2025]
Error in rule refine_model:
    message: None
    jobid: 13
    input: /home/boittier/Documents/github/MDCMfast/results/h2o/3-fit-molecule/h2o_5charges.xyz, /home/boittier/Documents/github/MDCMfast/examples/ref/h2o-pot.cube, /home/boittier/Documents/github/MDCMfast/examples/ref/h2o-dens.cube, /home/boittier/Documents/github/MDCMfast/results/h2o/1-mtp-fit/fitted-mtpl.dat
    output: /home/boittier/Documents/github/MDCMfast/results/h2o/4-refined/h2o_5charges_refined.xyz, /home/boittier/Documents/github/MDCMfast/results/h2o/4-refined/h2o_5charges_refined.log
    shell:
        
        mkdir -p $(dirname /home/boittier/Documents/github/MDCMfast/results/h2o/4-refined/h2o_5charges_refined.xyz)
        
        /home/boittier/Documents/github/MDCMfast/src/mdcmfast/bin/pcubefit.x -xyz /home/boittier/Documents/github/MDCMfast/results/h2o/3-fit-molecule/h2o_5charges.xyz -mtpfile /home/boittier/Documents/github/MDCMfast/results/h2o/1-mtp-fit/fitted-mtpl.dat -simplex                    -esp /home/boittier/Documents/github/MDCMfast/examples/ref/h2o-pot.cube -dens /home/boittier/Documents/github/MDCMfast/examples/ref/h2o-dens.cube                    -nacmax 4 -ntry 1 -v > /home/boittier/Documents/github/MDCMfast/results/h2o/4-refined/h2o_5charges_refined.log
        
        # Move refined output to correct location
        mv refined.xyz /home/boittier/Documents/github/MDCMfast/results/h2o/4-refined/h2o_5charges_refined.xyz
        
        (command exited with non-zero exit code)
Removing output files of failed job refine_model since they might be corrupted:
/home/boittier/Documents/github/MDCMfast/results/h2o/4-refined/h2o_5charges_refined.log
Terminating processes on user request, this might take some time.
RuleException:
CalledProcessError in file "/home/boittier/Documents/github/MDCMfast/examples/workflows/basic-fit/Snakefile", line 133:
Command 'set -euo pipefail;  
        mkdir -p $(dirname "/home/boittier/Documents/github/MDCMfast/results/h2o/3-fit-molecule/h2o_9charges.xyz")
        
        /home/boittier/Documents/github/MDCMfast/src/mdcmfast/bin/pcubefit.x -greedy -esp /home/boittier/Documents/github/MDCMfast/examples/ref/h2o-pot.cube -dens /home/boittier/Documents/github/MDCMfast/examples/ref/h2o-dens.cube                    -mtpfile /home/boittier/Documents/github/MDCMfast/results/h2o/1-mtp-fit/fitted-mtpl.dat -ncmin 9                    -ncmax 9 -nacmax 4                    -ntry 1 -v > /home/boittier/Documents/github/MDCMfast/results/h2o/3-fit-molecule/h2o_9charges.log

        # Move output files to correct location
        mv "9charges.xyz" "/home/boittier/Documents/github/MDCMfast/results/h2o/3-fit-molecule/h2o_9charges.xyz"' died with <Signals.SIGINT: 2>.
[Tue May 20 09:27:39 2025]
Error in rule fit_molecular_mdcm:
    message: None
    jobid: 22
    input: /home/boittier/Documents/github/MDCMfast/examples/ref/h2o-pot.cube, /home/boittier/Documents/github/MDCMfast/examples/ref/h2o-dens.cube, /home/boittier/Documents/github/MDCMfast/results/h2o/1-mtp-fit/fitted-mtpl.dat, /home/boittier/Documents/github/MDCMfast/results/h2o/2-fit-atoms/multipole_atom1_3charges.xyz, /home/boittier/Documents/github/MDCMfast/results/h2o/2-fit-atoms/multipole_atom1_4charges.xyz, /home/boittier/Documents/github/MDCMfast/results/h2o/2-fit-atoms/multipole_atom2_3charges.xyz, /home/boittier/Documents/github/MDCMfast/results/h2o/2-fit-atoms/multipole_atom2_4charges.xyz, /home/boittier/Documents/github/MDCMfast/results/h2o/2-fit-atoms/multipole_atom3_3charges.xyz, /home/boittier/Documents/github/MDCMfast/results/h2o/2-fit-atoms/multipole_atom3_4charges.xyz
    output: /home/boittier/Documents/github/MDCMfast/results/h2o/3-fit-molecule/h2o_9charges.xyz, /home/boittier/Documents/github/MDCMfast/results/h2o/3-fit-molecule/h2o_9charges.log
    shell:
        
        mkdir -p $(dirname "/home/boittier/Documents/github/MDCMfast/results/h2o/3-fit-molecule/h2o_9charges.xyz")
        
        /home/boittier/Documents/github/MDCMfast/src/mdcmfast/bin/pcubefit.x -greedy -esp /home/boittier/Documents/github/MDCMfast/examples/ref/h2o-pot.cube -dens /home/boittier/Documents/github/MDCMfast/examples/ref/h2o-dens.cube                    -mtpfile /home/boittier/Documents/github/MDCMfast/results/h2o/1-mtp-fit/fitted-mtpl.dat -ncmin 9                    -ncmax 9 -nacmax 4                    -ntry 1 -v > /home/boittier/Documents/github/MDCMfast/results/h2o/3-fit-molecule/h2o_9charges.log

        # Move output files to correct location
        mv "9charges.xyz" "/home/boittier/Documents/github/MDCMfast/results/h2o/3-fit-molecule/h2o_9charges.xyz"
        
        (command exited with non-zero exit code)
RuleException:
CalledProcessError in file "/home/boittier/Documents/github/MDCMfast/examples/workflows/basic-fit/Snakefile", line 133:
Command 'set -euo pipefail;  
        mkdir -p $(dirname "/home/boittier/Documents/github/MDCMfast/results/h2o/3-fit-molecule/h2o_6charges.xyz")
        
        /home/boittier/Documents/github/MDCMfast/src/mdcmfast/bin/pcubefit.x -greedy -esp /home/boittier/Documents/github/MDCMfast/examples/ref/h2o-pot.cube -dens /home/boittier/Documents/github/MDCMfast/examples/ref/h2o-dens.cube                    -mtpfile /home/boittier/Documents/github/MDCMfast/results/h2o/1-mtp-fit/fitted-mtpl.dat -ncmin 6                    -ncmax 6 -nacmax 4                    -ntry 1 -v > /home/boittier/Documents/github/MDCMfast/results/h2o/3-fit-molecule/h2o_6charges.log

        # Move output files to correct location
        mv "6charges.xyz" "/home/boittier/Documents/github/MDCMfast/results/h2o/3-fit-molecule/h2o_6charges.xyz"' died with <Signals.SIGINT: 2>.
[Tue May 20 09:27:39 2025]
Error in rule fit_molecular_mdcm:
    message: None
    jobid: 16
    input: /home/boittier/Documents/github/MDCMfast/examples/ref/h2o-pot.cube, /home/boittier/Documents/github/MDCMfast/examples/ref/h2o-dens.cube, /home/boittier/Documents/github/MDCMfast/results/h2o/1-mtp-fit/fitted-mtpl.dat, /home/boittier/Documents/github/MDCMfast/results/h2o/2-fit-atoms/multipole_atom1_3charges.xyz, /home/boittier/Documents/github/MDCMfast/results/h2o/2-fit-atoms/multipole_atom1_4charges.xyz, /home/boittier/Documents/github/MDCMfast/results/h2o/2-fit-atoms/multipole_atom2_3charges.xyz, /home/boittier/Documents/github/MDCMfast/results/h2o/2-fit-atoms/multipole_atom2_4charges.xyz, /home/boittier/Documents/github/MDCMfast/results/h2o/2-fit-atoms/multipole_atom3_3charges.xyz, /home/boittier/Documents/github/MDCMfast/results/h2o/2-fit-atoms/multipole_atom3_4charges.xyz
    output: /home/boittier/Documents/github/MDCMfast/results/h2o/3-fit-molecule/h2o_6charges.xyz, /home/boittier/Documents/github/MDCMfast/results/h2o/3-fit-molecule/h2o_6charges.log
    shell:
        
        mkdir -p $(dirname "/home/boittier/Documents/github/MDCMfast/results/h2o/3-fit-molecule/h2o_6charges.xyz")
        
        /home/boittier/Documents/github/MDCMfast/src/mdcmfast/bin/pcubefit.x -greedy -esp /home/boittier/Documents/github/MDCMfast/examples/ref/h2o-pot.cube -dens /home/boittier/Documents/github/MDCMfast/examples/ref/h2o-dens.cube                    -mtpfile /home/boittier/Documents/github/MDCMfast/results/h2o/1-mtp-fit/fitted-mtpl.dat -ncmin 6                    -ncmax 6 -nacmax 4                    -ntry 1 -v > /home/boittier/Documents/github/MDCMfast/results/h2o/3-fit-molecule/h2o_6charges.log

        # Move output files to correct location
        mv "6charges.xyz" "/home/boittier/Documents/github/MDCMfast/results/h2o/3-fit-molecule/h2o_6charges.xyz"
        
        (command exited with non-zero exit code)
RuleException:
CalledProcessError in file "/home/boittier/Documents/github/MDCMfast/examples/workflows/basic-fit/Snakefile", line 133:
Command 'set -euo pipefail;  
        mkdir -p $(dirname "/home/boittier/Documents/github/MDCMfast/results/h2o/3-fit-molecule/h2o_10charges.xyz")
        
        /home/boittier/Documents/github/MDCMfast/src/mdcmfast/bin/pcubefit.x -greedy -esp /home/boittier/Documents/github/MDCMfast/examples/ref/h2o-pot.cube -dens /home/boittier/Documents/github/MDCMfast/examples/ref/h2o-dens.cube                    -mtpfile /home/boittier/Documents/github/MDCMfast/results/h2o/1-mtp-fit/fitted-mtpl.dat -ncmin 10                    -ncmax 10 -nacmax 4                    -ntry 1 -v > /home/boittier/Documents/github/MDCMfast/results/h2o/3-fit-molecule/h2o_10charges.log

        # Move output files to correct location
        mv "10charges.xyz" "/home/boittier/Documents/github/MDCMfast/results/h2o/3-fit-molecule/h2o_10charges.xyz"' died with <Signals.SIGINT: 2>.
[Tue May 20 09:27:39 2025]
Error in rule fit_molecular_mdcm:
    message: None
    jobid: 24
    input: /home/boittier/Documents/github/MDCMfast/examples/ref/h2o-pot.cube, /home/boittier/Documents/github/MDCMfast/examples/ref/h2o-dens.cube, /home/boittier/Documents/github/MDCMfast/results/h2o/1-mtp-fit/fitted-mtpl.dat, /home/boittier/Documents/github/MDCMfast/results/h2o/2-fit-atoms/multipole_atom1_3charges.xyz, /home/boittier/Documents/github/MDCMfast/results/h2o/2-fit-atoms/multipole_atom1_4charges.xyz, /home/boittier/Documents/github/MDCMfast/results/h2o/2-fit-atoms/multipole_atom2_3charges.xyz, /home/boittier/Documents/github/MDCMfast/results/h2o/2-fit-atoms/multipole_atom2_4charges.xyz, /home/boittier/Documents/github/MDCMfast/results/h2o/2-fit-atoms/multipole_atom3_3charges.xyz, /home/boittier/Documents/github/MDCMfast/results/h2o/2-fit-atoms/multipole_atom3_4charges.xyz
    output: /home/boittier/Documents/github/MDCMfast/results/h2o/3-fit-molecule/h2o_10charges.xyz, /home/boittier/Documents/github/MDCMfast/results/h2o/3-fit-molecule/h2o_10charges.log
    shell:
        
        mkdir -p $(dirname "/home/boittier/Documents/github/MDCMfast/results/h2o/3-fit-molecule/h2o_10charges.xyz")
        
        /home/boittier/Documents/github/MDCMfast/src/mdcmfast/bin/pcubefit.x -greedy -esp /home/boittier/Documents/github/MDCMfast/examples/ref/h2o-pot.cube -dens /home/boittier/Documents/github/MDCMfast/examples/ref/h2o-dens.cube                    -mtpfile /home/boittier/Documents/github/MDCMfast/results/h2o/1-mtp-fit/fitted-mtpl.dat -ncmin 10                    -ncmax 10 -nacmax 4                    -ntry 1 -v > /home/boittier/Documents/github/MDCMfast/results/h2o/3-fit-molecule/h2o_10charges.log

        # Move output files to correct location
        mv "10charges.xyz" "/home/boittier/Documents/github/MDCMfast/results/h2o/3-fit-molecule/h2o_10charges.xyz"
        
        (command exited with non-zero exit code)
RuleException:
CalledProcessError in file "/home/boittier/Documents/github/MDCMfast/examples/workflows/basic-fit/Snakefile", line 133:
Command 'set -euo pipefail;  
        mkdir -p $(dirname "/home/boittier/Documents/github/MDCMfast/results/h2o/3-fit-molecule/h2o_12charges.xyz")
        
        /home/boittier/Documents/github/MDCMfast/src/mdcmfast/bin/pcubefit.x -greedy -esp /home/boittier/Documents/github/MDCMfast/examples/ref/h2o-pot.cube -dens /home/boittier/Documents/github/MDCMfast/examples/ref/h2o-dens.cube                    -mtpfile /home/boittier/Documents/github/MDCMfast/results/h2o/1-mtp-fit/fitted-mtpl.dat -ncmin 12                    -ncmax 12 -nacmax 4                    -ntry 1 -v > /home/boittier/Documents/github/MDCMfast/results/h2o/3-fit-molecule/h2o_12charges.log

        # Move output files to correct location
        mv "12charges.xyz" "/home/boittier/Documents/github/MDCMfast/results/h2o/3-fit-molecule/h2o_12charges.xyz"' died with <Signals.SIGINT: 2>.
[Tue May 20 09:27:39 2025]
Error in rule fit_molecular_mdcm:
    message: None
    jobid: 28
    input: /home/boittier/Documents/github/MDCMfast/examples/ref/h2o-pot.cube, /home/boittier/Documents/github/MDCMfast/examples/ref/h2o-dens.cube, /home/boittier/Documents/github/MDCMfast/results/h2o/1-mtp-fit/fitted-mtpl.dat, /home/boittier/Documents/github/MDCMfast/results/h2o/2-fit-atoms/multipole_atom1_3charges.xyz, /home/boittier/Documents/github/MDCMfast/results/h2o/2-fit-atoms/multipole_atom1_4charges.xyz, /home/boittier/Documents/github/MDCMfast/results/h2o/2-fit-atoms/multipole_atom2_3charges.xyz, /home/boittier/Documents/github/MDCMfast/results/h2o/2-fit-atoms/multipole_atom2_4charges.xyz, /home/boittier/Documents/github/MDCMfast/results/h2o/2-fit-atoms/multipole_atom3_3charges.xyz, /home/boittier/Documents/github/MDCMfast/results/h2o/2-fit-atoms/multipole_atom3_4charges.xyz
    output: /home/boittier/Documents/github/MDCMfast/results/h2o/3-fit-molecule/h2o_12charges.xyz, /home/boittier/Documents/github/MDCMfast/results/h2o/3-fit-molecule/h2o_12charges.log
    shell:
        
        mkdir -p $(dirname "/home/boittier/Documents/github/MDCMfast/results/h2o/3-fit-molecule/h2o_12charges.xyz")
        
        /home/boittier/Documents/github/MDCMfast/src/mdcmfast/bin/pcubefit.x -greedy -esp /home/boittier/Documents/github/MDCMfast/examples/ref/h2o-pot.cube -dens /home/boittier/Documents/github/MDCMfast/examples/ref/h2o-dens.cube                    -mtpfile /home/boittier/Documents/github/MDCMfast/results/h2o/1-mtp-fit/fitted-mtpl.dat -ncmin 12                    -ncmax 12 -nacmax 4                    -ntry 1 -v > /home/boittier/Documents/github/MDCMfast/results/h2o/3-fit-molecule/h2o_12charges.log

        # Move output files to correct location
        mv "12charges.xyz" "/home/boittier/Documents/github/MDCMfast/results/h2o/3-fit-molecule/h2o_12charges.xyz"
        
        (command exited with non-zero exit code)
RuleException:
CalledProcessError in file "/home/boittier/Documents/github/MDCMfast/examples/workflows/basic-fit/Snakefile", line 133:
Command 'set -euo pipefail;  
        mkdir -p $(dirname "/home/boittier/Documents/github/MDCMfast/results/h2o/3-fit-molecule/h2o_11charges.xyz")
        
        /home/boittier/Documents/github/MDCMfast/src/mdcmfast/bin/pcubefit.x -greedy -esp /home/boittier/Documents/github/MDCMfast/examples/ref/h2o-pot.cube -dens /home/boittier/Documents/github/MDCMfast/examples/ref/h2o-dens.cube                    -mtpfile /home/boittier/Documents/github/MDCMfast/results/h2o/1-mtp-fit/fitted-mtpl.dat -ncmin 11                    -ncmax 11 -nacmax 4                    -ntry 1 -v > /home/boittier/Documents/github/MDCMfast/results/h2o/3-fit-molecule/h2o_11charges.log

        # Move output files to correct location
        mv "11charges.xyz" "/home/boittier/Documents/github/MDCMfast/results/h2o/3-fit-molecule/h2o_11charges.xyz"' died with <Signals.SIGINT: 2>.
[Tue May 20 09:27:39 2025]
Error in rule fit_molecular_mdcm:
    message: None
    jobid: 26
    input: /home/boittier/Documents/github/MDCMfast/examples/ref/h2o-pot.cube, /home/boittier/Documents/github/MDCMfast/examples/ref/h2o-dens.cube, /home/boittier/Documents/github/MDCMfast/results/h2o/1-mtp-fit/fitted-mtpl.dat, /home/boittier/Documents/github/MDCMfast/results/h2o/2-fit-atoms/multipole_atom1_3charges.xyz, /home/boittier/Documents/github/MDCMfast/results/h2o/2-fit-atoms/multipole_atom1_4charges.xyz, /home/boittier/Documents/github/MDCMfast/results/h2o/2-fit-atoms/multipole_atom2_3charges.xyz, /home/boittier/Documents/github/MDCMfast/results/h2o/2-fit-atoms/multipole_atom2_4charges.xyz, /home/boittier/Documents/github/MDCMfast/results/h2o/2-fit-atoms/multipole_atom3_3charges.xyz, /home/boittier/Documents/github/MDCMfast/results/h2o/2-fit-atoms/multipole_atom3_4charges.xyz
    output: /home/boittier/Documents/github/MDCMfast/results/h2o/3-fit-molecule/h2o_11charges.xyz, /home/boittier/Documents/github/MDCMfast/results/h2o/3-fit-molecule/h2o_11charges.log
    shell:
        
        mkdir -p $(dirname "/home/boittier/Documents/github/MDCMfast/results/h2o/3-fit-molecule/h2o_11charges.xyz")
        
        /home/boittier/Documents/github/MDCMfast/src/mdcmfast/bin/pcubefit.x -greedy -esp /home/boittier/Documents/github/MDCMfast/examples/ref/h2o-pot.cube -dens /home/boittier/Documents/github/MDCMfast/examples/ref/h2o-dens.cube                    -mtpfile /home/boittier/Documents/github/MDCMfast/results/h2o/1-mtp-fit/fitted-mtpl.dat -ncmin 11                    -ncmax 11 -nacmax 4                    -ntry 1 -v > /home/boittier/Documents/github/MDCMfast/results/h2o/3-fit-molecule/h2o_11charges.log

        # Move output files to correct location
        mv "11charges.xyz" "/home/boittier/Documents/github/MDCMfast/results/h2o/3-fit-molecule/h2o_11charges.xyz"
        
        (command exited with non-zero exit code)
RuleException:
CalledProcessError in file "/home/boittier/Documents/github/MDCMfast/examples/workflows/basic-fit/Snakefile", line 133:
Command 'set -euo pipefail;  
        mkdir -p $(dirname "/home/boittier/Documents/github/MDCMfast/results/h2o/3-fit-molecule/h2o_8charges.xyz")
        
        /home/boittier/Documents/github/MDCMfast/src/mdcmfast/bin/pcubefit.x -greedy -esp /home/boittier/Documents/github/MDCMfast/examples/ref/h2o-pot.cube -dens /home/boittier/Documents/github/MDCMfast/examples/ref/h2o-dens.cube                    -mtpfile /home/boittier/Documents/github/MDCMfast/results/h2o/1-mtp-fit/fitted-mtpl.dat -ncmin 8                    -ncmax 8 -nacmax 4                    -ntry 1 -v > /home/boittier/Documents/github/MDCMfast/results/h2o/3-fit-molecule/h2o_8charges.log

        # Move output files to correct location
        mv "8charges.xyz" "/home/boittier/Documents/github/MDCMfast/results/h2o/3-fit-molecule/h2o_8charges.xyz"' died with <Signals.SIGINT: 2>.
[Tue May 20 09:27:39 2025]
Error in rule fit_molecular_mdcm:
    message: None
    jobid: 20
    input: /home/boittier/Documents/github/MDCMfast/examples/ref/h2o-pot.cube, /home/boittier/Documents/github/MDCMfast/examples/ref/h2o-dens.cube, /home/boittier/Documents/github/MDCMfast/results/h2o/1-mtp-fit/fitted-mtpl.dat, /home/boittier/Documents/github/MDCMfast/results/h2o/2-fit-atoms/multipole_atom1_3charges.xyz, /home/boittier/Documents/github/MDCMfast/results/h2o/2-fit-atoms/multipole_atom1_4charges.xyz, /home/boittier/Documents/github/MDCMfast/results/h2o/2-fit-atoms/multipole_atom2_3charges.xyz, /home/boittier/Documents/github/MDCMfast/results/h2o/2-fit-atoms/multipole_atom2_4charges.xyz, /home/boittier/Documents/github/MDCMfast/results/h2o/2-fit-atoms/multipole_atom3_3charges.xyz, /home/boittier/Documents/github/MDCMfast/results/h2o/2-fit-atoms/multipole_atom3_4charges.xyz
    output: /home/boittier/Documents/github/MDCMfast/results/h2o/3-fit-molecule/h2o_8charges.xyz, /home/boittier/Documents/github/MDCMfast/results/h2o/3-fit-molecule/h2o_8charges.log
    shell:
        
        mkdir -p $(dirname "/home/boittier/Documents/github/MDCMfast/results/h2o/3-fit-molecule/h2o_8charges.xyz")
        
        /home/boittier/Documents/github/MDCMfast/src/mdcmfast/bin/pcubefit.x -greedy -esp /home/boittier/Documents/github/MDCMfast/examples/ref/h2o-pot.cube -dens /home/boittier/Documents/github/MDCMfast/examples/ref/h2o-dens.cube                    -mtpfile /home/boittier/Documents/github/MDCMfast/results/h2o/1-mtp-fit/fitted-mtpl.dat -ncmin 8                    -ncmax 8 -nacmax 4                    -ntry 1 -v > /home/boittier/Documents/github/MDCMfast/results/h2o/3-fit-molecule/h2o_8charges.log

        # Move output files to correct location
        mv "8charges.xyz" "/home/boittier/Documents/github/MDCMfast/results/h2o/3-fit-molecule/h2o_8charges.xyz"
        
        (command exited with non-zero exit code)
RuleException:
CalledProcessError in file "/home/boittier/Documents/github/MDCMfast/examples/workflows/basic-fit/Snakefile", line 133:
Command 'set -euo pipefail;  
        mkdir -p $(dirname "/home/boittier/Documents/github/MDCMfast/results/h2o/3-fit-molecule/h2o_7charges.xyz")
        
        /home/boittier/Documents/github/MDCMfast/src/mdcmfast/bin/pcubefit.x -greedy -esp /home/boittier/Documents/github/MDCMfast/examples/ref/h2o-pot.cube -dens /home/boittier/Documents/github/MDCMfast/examples/ref/h2o-dens.cube                    -mtpfile /home/boittier/Documents/github/MDCMfast/results/h2o/1-mtp-fit/fitted-mtpl.dat -ncmin 7                    -ncmax 7 -nacmax 4                    -ntry 1 -v > /home/boittier/Documents/github/MDCMfast/results/h2o/3-fit-molecule/h2o_7charges.log

        # Move output files to correct location
        mv "7charges.xyz" "/home/boittier/Documents/github/MDCMfast/results/h2o/3-fit-molecule/h2o_7charges.xyz"' died with <Signals.SIGINT: 2>.
[Tue May 20 09:27:39 2025]
Error in rule fit_molecular_mdcm:
    message: None
    jobid: 18
    input: /home/boittier/Documents/github/MDCMfast/examples/ref/h2o-pot.cube, /home/boittier/Documents/github/MDCMfast/examples/ref/h2o-dens.cube, /home/boittier/Documents/github/MDCMfast/results/h2o/1-mtp-fit/fitted-mtpl.dat, /home/boittier/Documents/github/MDCMfast/results/h2o/2-fit-atoms/multipole_atom1_3charges.xyz, /home/boittier/Documents/github/MDCMfast/results/h2o/2-fit-atoms/multipole_atom1_4charges.xyz, /home/boittier/Documents/github/MDCMfast/results/h2o/2-fit-atoms/multipole_atom2_3charges.xyz, /home/boittier/Documents/github/MDCMfast/results/h2o/2-fit-atoms/multipole_atom2_4charges.xyz, /home/boittier/Documents/github/MDCMfast/results/h2o/2-fit-atoms/multipole_atom3_3charges.xyz, /home/boittier/Documents/github/MDCMfast/results/h2o/2-fit-atoms/multipole_atom3_4charges.xyz
    output: /home/boittier/Documents/github/MDCMfast/results/h2o/3-fit-molecule/h2o_7charges.xyz, /home/boittier/Documents/github/MDCMfast/results/h2o/3-fit-molecule/h2o_7charges.log
    shell:
        
        mkdir -p $(dirname "/home/boittier/Documents/github/MDCMfast/results/h2o/3-fit-molecule/h2o_7charges.xyz")
        
        /home/boittier/Documents/github/MDCMfast/src/mdcmfast/bin/pcubefit.x -greedy -esp /home/boittier/Documents/github/MDCMfast/examples/ref/h2o-pot.cube -dens /home/boittier/Documents/github/MDCMfast/examples/ref/h2o-dens.cube                    -mtpfile /home/boittier/Documents/github/MDCMfast/results/h2o/1-mtp-fit/fitted-mtpl.dat -ncmin 7                    -ncmax 7 -nacmax 4                    -ntry 1 -v > /home/boittier/Documents/github/MDCMfast/results/h2o/3-fit-molecule/h2o_7charges.log

        # Move output files to correct location
        mv "7charges.xyz" "/home/boittier/Documents/github/MDCMfast/results/h2o/3-fit-molecule/h2o_7charges.xyz"
        
        (command exited with non-zero exit code)
Complete log(s): /home/boittier/Documents/github/MDCMfast/examples/workflows/basic-fit/.snakemake/log/2025-05-20T092733.098976.snakemake.log
WorkflowError:
At least one job did not complete successfully.
