Assuming unrestricted shared filesystem usage.
None
host: pc-mm025
Building DAG of jobs...
Using shell: /usr/bin/bash
Provided cores: 10
Rules claiming more threads will be scaled down.
Job stats:
job                      count
---------------------  -------
all                          1
fit_atomic_mdcm              3
fit_molecular_mdcm           7
generate_charmm_files        7
total                       18

Select jobs to execute...
Execute 3 jobs...
[Mon May 19 14:16:53 2025]
localrule fit_atomic_mdcm:
    input: /home/boittier/Documents/github/MDCMfast/examples/ref/h2o-pot_culled.cube, /home/boittier/Documents/github/MDCMfast/examples/ref/h2o-dens_culled.cube, /home/boittier/Documents/github/MDCMfast/results/h2o/1-mtp-fit/fitted-mtpl.dat
    output: /home/boittier/Documents/github/MDCMfast/results/h2o/2-fit-atoms/multipole3_3charges.xyz, /home/boittier/Documents/github/MDCMfast/results/h2o/2-fit-atoms/multipole3_3charges-fit.log
    jobid: 7
    reason: Missing output files: /home/boittier/Documents/github/MDCMfast/results/h2o/2-fit-atoms/multipole3_3charges.xyz
    wildcards: atom_num=3
    resources: tmpdir=/tmp

[Mon May 19 14:16:53 2025]
localrule fit_atomic_mdcm:
    input: /home/boittier/Documents/github/MDCMfast/examples/ref/h2o-pot_culled.cube, /home/boittier/Documents/github/MDCMfast/examples/ref/h2o-dens_culled.cube, /home/boittier/Documents/github/MDCMfast/results/h2o/1-mtp-fit/fitted-mtpl.dat
    output: /home/boittier/Documents/github/MDCMfast/results/h2o/2-fit-atoms/multipole1_1charges.xyz, /home/boittier/Documents/github/MDCMfast/results/h2o/2-fit-atoms/multipole1_1charges-fit.log
    jobid: 5
    reason: Missing output files: /home/boittier/Documents/github/MDCMfast/results/h2o/2-fit-atoms/multipole1_1charges.xyz
    wildcards: atom_num=1
    resources: tmpdir=/tmp

[Mon May 19 14:16:53 2025]
localrule fit_atomic_mdcm:
    input: /home/boittier/Documents/github/MDCMfast/examples/ref/h2o-pot_culled.cube, /home/boittier/Documents/github/MDCMfast/examples/ref/h2o-dens_culled.cube, /home/boittier/Documents/github/MDCMfast/results/h2o/1-mtp-fit/fitted-mtpl.dat
    output: /home/boittier/Documents/github/MDCMfast/results/h2o/2-fit-atoms/multipole2_2charges.xyz, /home/boittier/Documents/github/MDCMfast/results/h2o/2-fit-atoms/multipole2_2charges-fit.log
    jobid: 6
    reason: Missing output files: /home/boittier/Documents/github/MDCMfast/results/h2o/2-fit-atoms/multipole2_2charges.xyz
    wildcards: atom_num=2
    resources: tmpdir=/tmp

[Mon May 19 14:16:53 2025]
Finished jobid: 7 (Rule: fit_atomic_mdcm)
1 of 18 steps (6%) done
[Mon May 19 14:16:53 2025]
Finished jobid: 6 (Rule: fit_atomic_mdcm)
2 of 18 steps (11%) done
[Mon May 19 14:16:53 2025]
Finished jobid: 5 (Rule: fit_atomic_mdcm)
3 of 18 steps (17%) done
Select jobs to execute...
Execute 7 jobs...
[Mon May 19 14:16:53 2025]
localrule fit_molecular_mdcm:
    input: /home/boittier/Documents/github/MDCMfast/examples/ref/h2o-pot_culled.cube, /home/boittier/Documents/github/MDCMfast/examples/ref/h2o-dens_culled.cube, /home/boittier/Documents/github/MDCMfast/results/h2o/1-mtp-fit/fitted-mtpl.dat, /home/boittier/Documents/github/MDCMfast/results/h2o/2-fit-atoms/multipole1_1charges.xyz, /home/boittier/Documents/github/MDCMfast/results/h2o/2-fit-atoms/multipole2_2charges.xyz, /home/boittier/Documents/github/MDCMfast/results/h2o/2-fit-atoms/multipole3_3charges.xyz
    output: /home/boittier/Documents/github/MDCMfast/results/h2o/3-fit-molecule/h2o_10charges.xyz, /home/boittier/Documents/github/MDCMfast/results/h2o/3-fit-molecule/h2o_10charges.log
    jobid: 19
    reason: Missing output files: /home/boittier/Documents/github/MDCMfast/results/h2o/3-fit-molecule/h2o_10charges.xyz; Input files updated by another job: /home/boittier/Documents/github/MDCMfast/results/h2o/2-fit-atoms/multipole3_3charges.xyz, /home/boittier/Documents/github/MDCMfast/results/h2o/2-fit-atoms/multipole1_1charges.xyz, /home/boittier/Documents/github/MDCMfast/results/h2o/2-fit-atoms/multipole2_2charges.xyz
    wildcards: n_charges=10
    resources: tmpdir=/tmp

[Mon May 19 14:16:53 2025]
localrule fit_molecular_mdcm:
    input: /home/boittier/Documents/github/MDCMfast/examples/ref/h2o-pot_culled.cube, /home/boittier/Documents/github/MDCMfast/examples/ref/h2o-dens_culled.cube, /home/boittier/Documents/github/MDCMfast/results/h2o/1-mtp-fit/fitted-mtpl.dat, /home/boittier/Documents/github/MDCMfast/results/h2o/2-fit-atoms/multipole1_1charges.xyz, /home/boittier/Documents/github/MDCMfast/results/h2o/2-fit-atoms/multipole2_2charges.xyz, /home/boittier/Documents/github/MDCMfast/results/h2o/2-fit-atoms/multipole3_3charges.xyz
    output: /home/boittier/Documents/github/MDCMfast/results/h2o/3-fit-molecule/h2o_8charges.xyz, /home/boittier/Documents/github/MDCMfast/results/h2o/3-fit-molecule/h2o_8charges.log
    jobid: 15
    reason: Missing output files: /home/boittier/Documents/github/MDCMfast/results/h2o/3-fit-molecule/h2o_8charges.xyz; Input files updated by another job: /home/boittier/Documents/github/MDCMfast/results/h2o/2-fit-atoms/multipole3_3charges.xyz, /home/boittier/Documents/github/MDCMfast/results/h2o/2-fit-atoms/multipole1_1charges.xyz, /home/boittier/Documents/github/MDCMfast/results/h2o/2-fit-atoms/multipole2_2charges.xyz
    wildcards: n_charges=8
    resources: tmpdir=/tmp

[Mon May 19 14:16:53 2025]
localrule fit_molecular_mdcm:
    input: /home/boittier/Documents/github/MDCMfast/examples/ref/h2o-pot_culled.cube, /home/boittier/Documents/github/MDCMfast/examples/ref/h2o-dens_culled.cube, /home/boittier/Documents/github/MDCMfast/results/h2o/1-mtp-fit/fitted-mtpl.dat, /home/boittier/Documents/github/MDCMfast/results/h2o/2-fit-atoms/multipole1_1charges.xyz, /home/boittier/Documents/github/MDCMfast/results/h2o/2-fit-atoms/multipole2_2charges.xyz, /home/boittier/Documents/github/MDCMfast/results/h2o/2-fit-atoms/multipole3_3charges.xyz
    output: /home/boittier/Documents/github/MDCMfast/results/h2o/3-fit-molecule/h2o_4charges.xyz, /home/boittier/Documents/github/MDCMfast/results/h2o/3-fit-molecule/h2o_4charges.log
    jobid: 2
    reason: Missing output files: /home/boittier/Documents/github/MDCMfast/results/h2o/3-fit-molecule/h2o_4charges.xyz; Input files updated by another job: /home/boittier/Documents/github/MDCMfast/results/h2o/2-fit-atoms/multipole3_3charges.xyz, /home/boittier/Documents/github/MDCMfast/results/h2o/2-fit-atoms/multipole1_1charges.xyz, /home/boittier/Documents/github/MDCMfast/results/h2o/2-fit-atoms/multipole2_2charges.xyz
    wildcards: n_charges=4
    resources: tmpdir=/tmp

[Mon May 19 14:16:53 2025]
localrule fit_molecular_mdcm:
    input: /home/boittier/Documents/github/MDCMfast/examples/ref/h2o-pot_culled.cube, /home/boittier/Documents/github/MDCMfast/examples/ref/h2o-dens_culled.cube, /home/boittier/Documents/github/MDCMfast/results/h2o/1-mtp-fit/fitted-mtpl.dat, /home/boittier/Documents/github/MDCMfast/results/h2o/2-fit-atoms/multipole1_1charges.xyz, /home/boittier/Documents/github/MDCMfast/results/h2o/2-fit-atoms/multipole2_2charges.xyz, /home/boittier/Documents/github/MDCMfast/results/h2o/2-fit-atoms/multipole3_3charges.xyz
    output: /home/boittier/Documents/github/MDCMfast/results/h2o/3-fit-molecule/h2o_6charges.xyz, /home/boittier/Documents/github/MDCMfast/results/h2o/3-fit-molecule/h2o_6charges.log
    jobid: 11
    reason: Missing output files: /home/boittier/Documents/github/MDCMfast/results/h2o/3-fit-molecule/h2o_6charges.xyz; Input files updated by another job: /home/boittier/Documents/github/MDCMfast/results/h2o/2-fit-atoms/multipole3_3charges.xyz, /home/boittier/Documents/github/MDCMfast/results/h2o/2-fit-atoms/multipole1_1charges.xyz, /home/boittier/Documents/github/MDCMfast/results/h2o/2-fit-atoms/multipole2_2charges.xyz
    wildcards: n_charges=6
    resources: tmpdir=/tmp

[Mon May 19 14:16:53 2025]
localrule fit_molecular_mdcm:
    input: /home/boittier/Documents/github/MDCMfast/examples/ref/h2o-pot_culled.cube, /home/boittier/Documents/github/MDCMfast/examples/ref/h2o-dens_culled.cube, /home/boittier/Documents/github/MDCMfast/results/h2o/1-mtp-fit/fitted-mtpl.dat, /home/boittier/Documents/github/MDCMfast/results/h2o/2-fit-atoms/multipole1_1charges.xyz, /home/boittier/Documents/github/MDCMfast/results/h2o/2-fit-atoms/multipole2_2charges.xyz, /home/boittier/Documents/github/MDCMfast/results/h2o/2-fit-atoms/multipole3_3charges.xyz
    output: /home/boittier/Documents/github/MDCMfast/results/h2o/3-fit-molecule/h2o_7charges.xyz, /home/boittier/Documents/github/MDCMfast/results/h2o/3-fit-molecule/h2o_7charges.log
    jobid: 13
    reason: Missing output files: /home/boittier/Documents/github/MDCMfast/results/h2o/3-fit-molecule/h2o_7charges.xyz; Input files updated by another job: /home/boittier/Documents/github/MDCMfast/results/h2o/2-fit-atoms/multipole3_3charges.xyz, /home/boittier/Documents/github/MDCMfast/results/h2o/2-fit-atoms/multipole1_1charges.xyz, /home/boittier/Documents/github/MDCMfast/results/h2o/2-fit-atoms/multipole2_2charges.xyz
    wildcards: n_charges=7
    resources: tmpdir=/tmp

[Mon May 19 14:16:53 2025]
localrule fit_molecular_mdcm:
    input: /home/boittier/Documents/github/MDCMfast/examples/ref/h2o-pot_culled.cube, /home/boittier/Documents/github/MDCMfast/examples/ref/h2o-dens_culled.cube, /home/boittier/Documents/github/MDCMfast/results/h2o/1-mtp-fit/fitted-mtpl.dat, /home/boittier/Documents/github/MDCMfast/results/h2o/2-fit-atoms/multipole1_1charges.xyz, /home/boittier/Documents/github/MDCMfast/results/h2o/2-fit-atoms/multipole2_2charges.xyz, /home/boittier/Documents/github/MDCMfast/results/h2o/2-fit-atoms/multipole3_3charges.xyz
    output: /home/boittier/Documents/github/MDCMfast/results/h2o/3-fit-molecule/h2o_5charges.xyz, /home/boittier/Documents/github/MDCMfast/results/h2o/3-fit-molecule/h2o_5charges.log
    jobid: 9
    reason: Missing output files: /home/boittier/Documents/github/MDCMfast/results/h2o/3-fit-molecule/h2o_5charges.xyz; Input files updated by another job: /home/boittier/Documents/github/MDCMfast/results/h2o/2-fit-atoms/multipole3_3charges.xyz, /home/boittier/Documents/github/MDCMfast/results/h2o/2-fit-atoms/multipole1_1charges.xyz, /home/boittier/Documents/github/MDCMfast/results/h2o/2-fit-atoms/multipole2_2charges.xyz
    wildcards: n_charges=5
    resources: tmpdir=/tmp

[Mon May 19 14:16:53 2025]
localrule fit_molecular_mdcm:
    input: /home/boittier/Documents/github/MDCMfast/examples/ref/h2o-pot_culled.cube, /home/boittier/Documents/github/MDCMfast/examples/ref/h2o-dens_culled.cube, /home/boittier/Documents/github/MDCMfast/results/h2o/1-mtp-fit/fitted-mtpl.dat, /home/boittier/Documents/github/MDCMfast/results/h2o/2-fit-atoms/multipole1_1charges.xyz, /home/boittier/Documents/github/MDCMfast/results/h2o/2-fit-atoms/multipole2_2charges.xyz, /home/boittier/Documents/github/MDCMfast/results/h2o/2-fit-atoms/multipole3_3charges.xyz
    output: /home/boittier/Documents/github/MDCMfast/results/h2o/3-fit-molecule/h2o_9charges.xyz, /home/boittier/Documents/github/MDCMfast/results/h2o/3-fit-molecule/h2o_9charges.log
    jobid: 17
    reason: Missing output files: /home/boittier/Documents/github/MDCMfast/results/h2o/3-fit-molecule/h2o_9charges.xyz; Input files updated by another job: /home/boittier/Documents/github/MDCMfast/results/h2o/2-fit-atoms/multipole3_3charges.xyz, /home/boittier/Documents/github/MDCMfast/results/h2o/2-fit-atoms/multipole1_1charges.xyz, /home/boittier/Documents/github/MDCMfast/results/h2o/2-fit-atoms/multipole2_2charges.xyz
    wildcards: n_charges=9
    resources: tmpdir=/tmp

Terminating processes on user request, this might take some time.
RuleException:
CalledProcessError in file "/home/boittier/Documents/github/MDCMfast/examples/workflows/basic-fit/Snakefile", line 128:
Command 'set -euo pipefail;  
        mkdir -p $(dirname /home/boittier/Documents/github/MDCMfast/results/h2o/3-fit-molecule/h2o_8charges.xyz)
        
        /home/boittier/Documents/github/MDCMfast/src/mdcmfast/bin/pcubefit.x -greedy -esp /home/boittier/Documents/github/MDCMfast/examples/ref/h2o-pot_culled.cube -dens /home/boittier/Documents/github/MDCMfast/examples/ref/h2o-dens_culled.cube                    -mtpfile /home/boittier/Documents/github/MDCMfast/results/h2o/1-mtp-fit/fitted-mtpl.dat -ncmin 8                    -ncmax 8 -nacmax 4                    -ntry 3 -v > /home/boittier/Documents/github/MDCMfast/results/h2o/3-fit-molecule/h2o_8charges.log' died with <Signals.SIGINT: 2>.
[Mon May 19 14:19:29 2025]
Error in rule fit_molecular_mdcm:
    message: None
    jobid: 15
    input: /home/boittier/Documents/github/MDCMfast/examples/ref/h2o-pot_culled.cube, /home/boittier/Documents/github/MDCMfast/examples/ref/h2o-dens_culled.cube, /home/boittier/Documents/github/MDCMfast/results/h2o/1-mtp-fit/fitted-mtpl.dat, /home/boittier/Documents/github/MDCMfast/results/h2o/2-fit-atoms/multipole1_1charges.xyz, /home/boittier/Documents/github/MDCMfast/results/h2o/2-fit-atoms/multipole2_2charges.xyz, /home/boittier/Documents/github/MDCMfast/results/h2o/2-fit-atoms/multipole3_3charges.xyz
    output: /home/boittier/Documents/github/MDCMfast/results/h2o/3-fit-molecule/h2o_8charges.xyz, /home/boittier/Documents/github/MDCMfast/results/h2o/3-fit-molecule/h2o_8charges.log
    shell:
        
        mkdir -p $(dirname /home/boittier/Documents/github/MDCMfast/results/h2o/3-fit-molecule/h2o_8charges.xyz)
        
        /home/boittier/Documents/github/MDCMfast/src/mdcmfast/bin/pcubefit.x -greedy -esp /home/boittier/Documents/github/MDCMfast/examples/ref/h2o-pot_culled.cube -dens /home/boittier/Documents/github/MDCMfast/examples/ref/h2o-dens_culled.cube                    -mtpfile /home/boittier/Documents/github/MDCMfast/results/h2o/1-mtp-fit/fitted-mtpl.dat -ncmin 8                    -ncmax 8 -nacmax 4                    -ntry 3 -v > /home/boittier/Documents/github/MDCMfast/results/h2o/3-fit-molecule/h2o_8charges.log
        
        (command exited with non-zero exit code)
RuleException:
CalledProcessError in file "/home/boittier/Documents/github/MDCMfast/examples/workflows/basic-fit/Snakefile", line 128:
Command 'set -euo pipefail;  
        mkdir -p $(dirname /home/boittier/Documents/github/MDCMfast/results/h2o/3-fit-molecule/h2o_10charges.xyz)
        
        /home/boittier/Documents/github/MDCMfast/src/mdcmfast/bin/pcubefit.x -greedy -esp /home/boittier/Documents/github/MDCMfast/examples/ref/h2o-pot_culled.cube -dens /home/boittier/Documents/github/MDCMfast/examples/ref/h2o-dens_culled.cube                    -mtpfile /home/boittier/Documents/github/MDCMfast/results/h2o/1-mtp-fit/fitted-mtpl.dat -ncmin 10                    -ncmax 10 -nacmax 4                    -ntry 3 -v > /home/boittier/Documents/github/MDCMfast/results/h2o/3-fit-molecule/h2o_10charges.log' died with <Signals.SIGINT: 2>.
[Mon May 19 14:19:29 2025]
Error in rule fit_molecular_mdcm:
    message: None
    jobid: 19
    input: /home/boittier/Documents/github/MDCMfast/examples/ref/h2o-pot_culled.cube, /home/boittier/Documents/github/MDCMfast/examples/ref/h2o-dens_culled.cube, /home/boittier/Documents/github/MDCMfast/results/h2o/1-mtp-fit/fitted-mtpl.dat, /home/boittier/Documents/github/MDCMfast/results/h2o/2-fit-atoms/multipole1_1charges.xyz, /home/boittier/Documents/github/MDCMfast/results/h2o/2-fit-atoms/multipole2_2charges.xyz, /home/boittier/Documents/github/MDCMfast/results/h2o/2-fit-atoms/multipole3_3charges.xyz
    output: /home/boittier/Documents/github/MDCMfast/results/h2o/3-fit-molecule/h2o_10charges.xyz, /home/boittier/Documents/github/MDCMfast/results/h2o/3-fit-molecule/h2o_10charges.log
    shell:
        
        mkdir -p $(dirname /home/boittier/Documents/github/MDCMfast/results/h2o/3-fit-molecule/h2o_10charges.xyz)
        
        /home/boittier/Documents/github/MDCMfast/src/mdcmfast/bin/pcubefit.x -greedy -esp /home/boittier/Documents/github/MDCMfast/examples/ref/h2o-pot_culled.cube -dens /home/boittier/Documents/github/MDCMfast/examples/ref/h2o-dens_culled.cube                    -mtpfile /home/boittier/Documents/github/MDCMfast/results/h2o/1-mtp-fit/fitted-mtpl.dat -ncmin 10                    -ncmax 10 -nacmax 4                    -ntry 3 -v > /home/boittier/Documents/github/MDCMfast/results/h2o/3-fit-molecule/h2o_10charges.log
        
        (command exited with non-zero exit code)
RuleException:
CalledProcessError in file "/home/boittier/Documents/github/MDCMfast/examples/workflows/basic-fit/Snakefile", line 128:
Command 'set -euo pipefail;  
        mkdir -p $(dirname /home/boittier/Documents/github/MDCMfast/results/h2o/3-fit-molecule/h2o_7charges.xyz)
        
        /home/boittier/Documents/github/MDCMfast/src/mdcmfast/bin/pcubefit.x -greedy -esp /home/boittier/Documents/github/MDCMfast/examples/ref/h2o-pot_culled.cube -dens /home/boittier/Documents/github/MDCMfast/examples/ref/h2o-dens_culled.cube                    -mtpfile /home/boittier/Documents/github/MDCMfast/results/h2o/1-mtp-fit/fitted-mtpl.dat -ncmin 7                    -ncmax 7 -nacmax 4                    -ntry 3 -v > /home/boittier/Documents/github/MDCMfast/results/h2o/3-fit-molecule/h2o_7charges.log' died with <Signals.SIGINT: 2>.
[Mon May 19 14:19:29 2025]
Error in rule fit_molecular_mdcm:
    message: None
    jobid: 13
    input: /home/boittier/Documents/github/MDCMfast/examples/ref/h2o-pot_culled.cube, /home/boittier/Documents/github/MDCMfast/examples/ref/h2o-dens_culled.cube, /home/boittier/Documents/github/MDCMfast/results/h2o/1-mtp-fit/fitted-mtpl.dat, /home/boittier/Documents/github/MDCMfast/results/h2o/2-fit-atoms/multipole1_1charges.xyz, /home/boittier/Documents/github/MDCMfast/results/h2o/2-fit-atoms/multipole2_2charges.xyz, /home/boittier/Documents/github/MDCMfast/results/h2o/2-fit-atoms/multipole3_3charges.xyz
    output: /home/boittier/Documents/github/MDCMfast/results/h2o/3-fit-molecule/h2o_7charges.xyz, /home/boittier/Documents/github/MDCMfast/results/h2o/3-fit-molecule/h2o_7charges.log
    shell:
        
        mkdir -p $(dirname /home/boittier/Documents/github/MDCMfast/results/h2o/3-fit-molecule/h2o_7charges.xyz)
        
        /home/boittier/Documents/github/MDCMfast/src/mdcmfast/bin/pcubefit.x -greedy -esp /home/boittier/Documents/github/MDCMfast/examples/ref/h2o-pot_culled.cube -dens /home/boittier/Documents/github/MDCMfast/examples/ref/h2o-dens_culled.cube                    -mtpfile /home/boittier/Documents/github/MDCMfast/results/h2o/1-mtp-fit/fitted-mtpl.dat -ncmin 7                    -ncmax 7 -nacmax 4                    -ntry 3 -v > /home/boittier/Documents/github/MDCMfast/results/h2o/3-fit-molecule/h2o_7charges.log
        
        (command exited with non-zero exit code)
RuleException:
CalledProcessError in file "/home/boittier/Documents/github/MDCMfast/examples/workflows/basic-fit/Snakefile", line 128:
Command 'set -euo pipefail;  
        mkdir -p $(dirname /home/boittier/Documents/github/MDCMfast/results/h2o/3-fit-molecule/h2o_9charges.xyz)
        
        /home/boittier/Documents/github/MDCMfast/src/mdcmfast/bin/pcubefit.x -greedy -esp /home/boittier/Documents/github/MDCMfast/examples/ref/h2o-pot_culled.cube -dens /home/boittier/Documents/github/MDCMfast/examples/ref/h2o-dens_culled.cube                    -mtpfile /home/boittier/Documents/github/MDCMfast/results/h2o/1-mtp-fit/fitted-mtpl.dat -ncmin 9                    -ncmax 9 -nacmax 4                    -ntry 3 -v > /home/boittier/Documents/github/MDCMfast/results/h2o/3-fit-molecule/h2o_9charges.log' died with <Signals.SIGINT: 2>.
[Mon May 19 14:19:29 2025]
Error in rule fit_molecular_mdcm:
    message: None
    jobid: 17
    input: /home/boittier/Documents/github/MDCMfast/examples/ref/h2o-pot_culled.cube, /home/boittier/Documents/github/MDCMfast/examples/ref/h2o-dens_culled.cube, /home/boittier/Documents/github/MDCMfast/results/h2o/1-mtp-fit/fitted-mtpl.dat, /home/boittier/Documents/github/MDCMfast/results/h2o/2-fit-atoms/multipole1_1charges.xyz, /home/boittier/Documents/github/MDCMfast/results/h2o/2-fit-atoms/multipole2_2charges.xyz, /home/boittier/Documents/github/MDCMfast/results/h2o/2-fit-atoms/multipole3_3charges.xyz
    output: /home/boittier/Documents/github/MDCMfast/results/h2o/3-fit-molecule/h2o_9charges.xyz, /home/boittier/Documents/github/MDCMfast/results/h2o/3-fit-molecule/h2o_9charges.log
    shell:
        
        mkdir -p $(dirname /home/boittier/Documents/github/MDCMfast/results/h2o/3-fit-molecule/h2o_9charges.xyz)
        
        /home/boittier/Documents/github/MDCMfast/src/mdcmfast/bin/pcubefit.x -greedy -esp /home/boittier/Documents/github/MDCMfast/examples/ref/h2o-pot_culled.cube -dens /home/boittier/Documents/github/MDCMfast/examples/ref/h2o-dens_culled.cube                    -mtpfile /home/boittier/Documents/github/MDCMfast/results/h2o/1-mtp-fit/fitted-mtpl.dat -ncmin 9                    -ncmax 9 -nacmax 4                    -ntry 3 -v > /home/boittier/Documents/github/MDCMfast/results/h2o/3-fit-molecule/h2o_9charges.log
        
        (command exited with non-zero exit code)
RuleException:
CalledProcessError in file "/home/boittier/Documents/github/MDCMfast/examples/workflows/basic-fit/Snakefile", line 128:
Command 'set -euo pipefail;  
        mkdir -p $(dirname /home/boittier/Documents/github/MDCMfast/results/h2o/3-fit-molecule/h2o_6charges.xyz)
        
        /home/boittier/Documents/github/MDCMfast/src/mdcmfast/bin/pcubefit.x -greedy -esp /home/boittier/Documents/github/MDCMfast/examples/ref/h2o-pot_culled.cube -dens /home/boittier/Documents/github/MDCMfast/examples/ref/h2o-dens_culled.cube                    -mtpfile /home/boittier/Documents/github/MDCMfast/results/h2o/1-mtp-fit/fitted-mtpl.dat -ncmin 6                    -ncmax 6 -nacmax 4                    -ntry 3 -v > /home/boittier/Documents/github/MDCMfast/results/h2o/3-fit-molecule/h2o_6charges.log' died with <Signals.SIGINT: 2>.
[Mon May 19 14:19:29 2025]
Error in rule fit_molecular_mdcm:
    message: None
    jobid: 11
    input: /home/boittier/Documents/github/MDCMfast/examples/ref/h2o-pot_culled.cube, /home/boittier/Documents/github/MDCMfast/examples/ref/h2o-dens_culled.cube, /home/boittier/Documents/github/MDCMfast/results/h2o/1-mtp-fit/fitted-mtpl.dat, /home/boittier/Documents/github/MDCMfast/results/h2o/2-fit-atoms/multipole1_1charges.xyz, /home/boittier/Documents/github/MDCMfast/results/h2o/2-fit-atoms/multipole2_2charges.xyz, /home/boittier/Documents/github/MDCMfast/results/h2o/2-fit-atoms/multipole3_3charges.xyz
    output: /home/boittier/Documents/github/MDCMfast/results/h2o/3-fit-molecule/h2o_6charges.xyz, /home/boittier/Documents/github/MDCMfast/results/h2o/3-fit-molecule/h2o_6charges.log
    shell:
        
        mkdir -p $(dirname /home/boittier/Documents/github/MDCMfast/results/h2o/3-fit-molecule/h2o_6charges.xyz)
        
        /home/boittier/Documents/github/MDCMfast/src/mdcmfast/bin/pcubefit.x -greedy -esp /home/boittier/Documents/github/MDCMfast/examples/ref/h2o-pot_culled.cube -dens /home/boittier/Documents/github/MDCMfast/examples/ref/h2o-dens_culled.cube                    -mtpfile /home/boittier/Documents/github/MDCMfast/results/h2o/1-mtp-fit/fitted-mtpl.dat -ncmin 6                    -ncmax 6 -nacmax 4                    -ntry 3 -v > /home/boittier/Documents/github/MDCMfast/results/h2o/3-fit-molecule/h2o_6charges.log
        
        (command exited with non-zero exit code)
RuleException:
CalledProcessError in file "/home/boittier/Documents/github/MDCMfast/examples/workflows/basic-fit/Snakefile", line 128:
Command 'set -euo pipefail;  
        mkdir -p $(dirname /home/boittier/Documents/github/MDCMfast/results/h2o/3-fit-molecule/h2o_5charges.xyz)
        
        /home/boittier/Documents/github/MDCMfast/src/mdcmfast/bin/pcubefit.x -greedy -esp /home/boittier/Documents/github/MDCMfast/examples/ref/h2o-pot_culled.cube -dens /home/boittier/Documents/github/MDCMfast/examples/ref/h2o-dens_culled.cube                    -mtpfile /home/boittier/Documents/github/MDCMfast/results/h2o/1-mtp-fit/fitted-mtpl.dat -ncmin 5                    -ncmax 5 -nacmax 4                    -ntry 3 -v > /home/boittier/Documents/github/MDCMfast/results/h2o/3-fit-molecule/h2o_5charges.log' died with <Signals.SIGINT: 2>.
[Mon May 19 14:19:29 2025]
Error in rule fit_molecular_mdcm:
    message: None
    jobid: 9
    input: /home/boittier/Documents/github/MDCMfast/examples/ref/h2o-pot_culled.cube, /home/boittier/Documents/github/MDCMfast/examples/ref/h2o-dens_culled.cube, /home/boittier/Documents/github/MDCMfast/results/h2o/1-mtp-fit/fitted-mtpl.dat, /home/boittier/Documents/github/MDCMfast/results/h2o/2-fit-atoms/multipole1_1charges.xyz, /home/boittier/Documents/github/MDCMfast/results/h2o/2-fit-atoms/multipole2_2charges.xyz, /home/boittier/Documents/github/MDCMfast/results/h2o/2-fit-atoms/multipole3_3charges.xyz
    output: /home/boittier/Documents/github/MDCMfast/results/h2o/3-fit-molecule/h2o_5charges.xyz, /home/boittier/Documents/github/MDCMfast/results/h2o/3-fit-molecule/h2o_5charges.log
    shell:
        
        mkdir -p $(dirname /home/boittier/Documents/github/MDCMfast/results/h2o/3-fit-molecule/h2o_5charges.xyz)
        
        /home/boittier/Documents/github/MDCMfast/src/mdcmfast/bin/pcubefit.x -greedy -esp /home/boittier/Documents/github/MDCMfast/examples/ref/h2o-pot_culled.cube -dens /home/boittier/Documents/github/MDCMfast/examples/ref/h2o-dens_culled.cube                    -mtpfile /home/boittier/Documents/github/MDCMfast/results/h2o/1-mtp-fit/fitted-mtpl.dat -ncmin 5                    -ncmax 5 -nacmax 4                    -ntry 3 -v > /home/boittier/Documents/github/MDCMfast/results/h2o/3-fit-molecule/h2o_5charges.log
        
        (command exited with non-zero exit code)
RuleException:
CalledProcessError in file "/home/boittier/Documents/github/MDCMfast/examples/workflows/basic-fit/Snakefile", line 128:
Command 'set -euo pipefail;  
        mkdir -p $(dirname /home/boittier/Documents/github/MDCMfast/results/h2o/3-fit-molecule/h2o_4charges.xyz)
        
        /home/boittier/Documents/github/MDCMfast/src/mdcmfast/bin/pcubefit.x -greedy -esp /home/boittier/Documents/github/MDCMfast/examples/ref/h2o-pot_culled.cube -dens /home/boittier/Documents/github/MDCMfast/examples/ref/h2o-dens_culled.cube                    -mtpfile /home/boittier/Documents/github/MDCMfast/results/h2o/1-mtp-fit/fitted-mtpl.dat -ncmin 4                    -ncmax 4 -nacmax 4                    -ntry 3 -v > /home/boittier/Documents/github/MDCMfast/results/h2o/3-fit-molecule/h2o_4charges.log' died with <Signals.SIGINT: 2>.
[Mon May 19 14:19:29 2025]
Error in rule fit_molecular_mdcm:
    message: None
    jobid: 2
    input: /home/boittier/Documents/github/MDCMfast/examples/ref/h2o-pot_culled.cube, /home/boittier/Documents/github/MDCMfast/examples/ref/h2o-dens_culled.cube, /home/boittier/Documents/github/MDCMfast/results/h2o/1-mtp-fit/fitted-mtpl.dat, /home/boittier/Documents/github/MDCMfast/results/h2o/2-fit-atoms/multipole1_1charges.xyz, /home/boittier/Documents/github/MDCMfast/results/h2o/2-fit-atoms/multipole2_2charges.xyz, /home/boittier/Documents/github/MDCMfast/results/h2o/2-fit-atoms/multipole3_3charges.xyz
    output: /home/boittier/Documents/github/MDCMfast/results/h2o/3-fit-molecule/h2o_4charges.xyz, /home/boittier/Documents/github/MDCMfast/results/h2o/3-fit-molecule/h2o_4charges.log
    shell:
        
        mkdir -p $(dirname /home/boittier/Documents/github/MDCMfast/results/h2o/3-fit-molecule/h2o_4charges.xyz)
        
        /home/boittier/Documents/github/MDCMfast/src/mdcmfast/bin/pcubefit.x -greedy -esp /home/boittier/Documents/github/MDCMfast/examples/ref/h2o-pot_culled.cube -dens /home/boittier/Documents/github/MDCMfast/examples/ref/h2o-dens_culled.cube                    -mtpfile /home/boittier/Documents/github/MDCMfast/results/h2o/1-mtp-fit/fitted-mtpl.dat -ncmin 4                    -ncmax 4 -nacmax 4                    -ntry 3 -v > /home/boittier/Documents/github/MDCMfast/results/h2o/3-fit-molecule/h2o_4charges.log
        
        (command exited with non-zero exit code)
Complete log(s): /home/boittier/Documents/github/MDCMfast/examples/workflows/basic-fit/.snakemake/log/2025-05-19T141653.460191.snakemake.log
WorkflowError:
At least one job did not complete successfully.
