Running in analysis mode

Reading "/pchem-data/meuwly/boittier/home/dcm/esp-dcm.cube"...

  DCM Potential
  Electrostatic potential from Total SCF Density
    5  -10.929346   -8.550108   -8.140940
   67    0.333333    0.000000    0.000000
   51    0.000000    0.333333    0.000000
   50    0.000000    0.000000    0.333333
    6    6.000000   -0.000026    1.450937   -0.000000
    1    1.000000   -0.000007    2.602975    1.712988
    1    1.000000   -0.000008    2.602975   -1.712988
   17   17.000000   -2.788406   -0.409167    0.000000
   17   17.000000    2.788416   -0.409160   -0.000000
 -1.38934E-03 -1.42721E-03 -1.46459E-03 -1.50131E-03 -1.53720E-03 -1.57207E-03
       .            .            .            .            .            .
       .            .            .            .            .            .
       .            .            .            .            .            .
  1.17691E-03  1.15831E-03  1.13877E-03  1.11838E-03  1.09722E-03  1.07538E-03

170850 out of 170850 gridpoints are considered (100.0%).

...done!

Reading "14charges.cube"...

  Fitted ESP
  Electrostatic potential fitted from 14 point charges.
    5  -10.929346   -8.550108   -8.140940
   67    0.333333    0.000000    0.000000
   51    0.000000    0.333333    0.000000
   50    0.000000    0.000000    0.333333
    6    6.000000   -0.000026    1.450937   -0.000000
    1    1.000000   -0.000007    2.602975    1.712988
    1    1.000000   -0.000008    2.602975   -1.712988
   17   17.000000   -2.788406   -0.409167    0.000000
   17   17.000000    2.788416   -0.409160   -0.000000
 -7.63969E-04 -7.96241E-04 -8.29112E-04 -8.62480E-04 -8.96229E-04 -9.30231E-04
       .            .            .            .            .            .
       .            .            .            .            .            .
       .            .            .            .            .            .
  5.44449E-04  5.46877E-04  5.48218E-04  5.48480E-04  5.47685E-04  5.45867E-04

170850 out of 170850 gridpoints are considered (100.0%).

...done!

                       Measure       RMSE[kcal/mol/e]   MaxError[kcal/mol/e]   NPoints
                         Total        2.535004006E+00        2.682771153E+01    154924
Close (  1.20 < r <   1.66 )          5.387665154E+00        2.682771153E+01     18927
Mid-range ( 1.66 < r <  2.20)         2.878830491E+00        1.255622602E+01     36315
Far-range (  2.20         < r)        1.206994340E+00        5.912011436E+00     99682
Did analysis and wrote slice data
