Running in fitting mode

Reading "/home/boittier/Documents/github/MDCMfast/examples/ref/h2o-pot.cube"...

  job Potential
  Electrostatic potential from Total SCF Density
    3   -4.970736   -4.970736   -4.746947
   40    0.249999    0.000000    0.000000
   40    0.000000    0.249999    0.000000
   40    0.000000    0.000000    0.249999
    8    8.000000    0.000000    0.000000    0.223789
    1    1.000000    0.000000    1.435292   -0.895158
    1    1.000000    0.000000   -1.435292   -0.895158
  9.33696E-04  6.32747E-05 -8.20507E-04 -1.70423E-03 -2.57447E-03 -3.41834E-03
       .            .            .            .            .            .
       .            .            .            .            .            .
       .            .            .            .            .            .
 -8.27319E-05 -9.59561E-04 -1.82824E-03 -2.67583E-03 -3.49031E-03 -4.26103E-03

42464 out of 64000 gridpoints are considered ( 66.3%).

...done!




USING GREEDY MODE
Running DE in parallel with 1 thread(s)!

Starting fitting procedure for multipole expansion of atom 1 with 1 charges, trial 1
gen      0/2000      elitist  4.0341911E-03 feasible? T
population converged towards a single solution after 60 generations.
Starting local simplex optimization:
Solution before refinement:      2.8202679704E-03
Exiting simplex optimization after    21 iterations
Solution after  refinement:      2.8202679704E-03
RMSE         2.820267970E-03Hartree
NEW BEST!

Best found solution for 1 charges:
        RMSE         1.769743534E+00 kcal/mol
         MAE         1.263055511E+00 kcal/mol
     max. AE         9.011618109E+00 kcal/mol

       x[bohr]       y[bohr]       z[bohr]          q[e]
     0.0242035    -0.0442607     0.9105655    -0.3214466

Running DE in parallel with 1 thread(s)!

Starting fitting procedure for multipole expansion of atom 1 with 2 charges, trial 1
gen      0/4000      elitist  4.7763191E-03 feasible? T
gen    100/4000      elitist  2.2224812E-03 feasible? T
gen    200/4000      elitist  2.2176612E-03 feasible? T
population converged towards a single solution after 265 generations.
Starting local simplex optimization:
Solution before refinement:      2.2176466368E-03
 performing expansion, best =    2.2176465835825536E-003
Exiting simplex optimization after   171 iterations
Solution after  refinement:      2.2176465836E-03
RMSE         2.217646584E-03Hartree
NEW BEST!

Best found solution for 2 charges:
        RMSE         1.391593190E+00 kcal/mol
         MAE         1.023171571E+00 kcal/mol
     max. AE         6.793911165E+00 kcal/mol

       x[bohr]       y[bohr]       z[bohr]          q[e]
     0.6935939    -0.0078203     0.8837877    -0.1662555
    -0.6947589    -0.0792161     0.8778277    -0.1551911

Running DE in parallel with 1 thread(s)!

Starting fitting procedure for multipole expansion of atom 1 with 3 charges, trial 1
gen      0/6000      elitist  3.2213748E-03 feasible? T
gen    100/6000      elitist  1.1929549E-03 feasible? T
gen    200/6000      elitist  9.2941213E-04 feasible? T
gen    300/6000      elitist  9.2096077E-04 feasible? T
gen    400/6000      elitist  9.2076816E-04 feasible? T
population converged towards a single solution after 439 generations.
Starting local simplex optimization:
Solution before refinement:      9.2076226025E-04
 performing expansion, best =    9.2076189301480813E-004
 performing expansion, best =    9.2076156455668501E-004
 performing expansion, best =    9.2076104790338707E-004
 performing expansion, best =    9.2076104000832226E-004
 performing expansion, best =    9.2076097220384018E-004
Exiting simplex optimization after   270 iterations
Solution after  refinement:      9.2076097220E-04
RMSE         9.207609722E-04Hartree
NEW BEST!

Best found solution for 3 charges:
        RMSE         5.777857969E-01 kcal/mol
         MAE         4.039062638E-01 kcal/mol
     max. AE         3.465542159E+00 kcal/mol

       x[bohr]       y[bohr]       z[bohr]          q[e]
    -0.0139174     0.9273627    -0.0139850     0.4034542
     0.0968848    -1.0498894    -0.3446834     0.2750991
     0.0291922     0.0756105     0.2034582    -0.9999999

Running DE in parallel with 1 thread(s)!

Starting fitting procedure for multipole expansion of atom 1 with 4 charges, trial 1
gen      0/8000      elitist  3.3756834E-03 feasible? T
gen    100/8000      elitist  9.0360710E-04 feasible? T
gen    200/8000      elitist  6.6311779E-04 feasible? T
gen    300/8000      elitist  6.0873446E-04 feasible? T
gen    400/8000      elitist  6.0303687E-04 feasible? T
gen    500/8000      elitist  5.9733770E-04 feasible? T
gen    600/8000      elitist  5.9627137E-04 feasible? T
gen    700/8000      elitist  5.9613308E-04 feasible? T
population converged towards a single solution after 783 generations.
Starting local simplex optimization:
Solution before refinement:      5.9612383618E-04
 performing expansion, best =    5.9610728391428956E-004
 performing expansion, best =    5.9608978524908218E-004
 performing expansion, best =    5.9608843457622141E-004
 performing expansion, best =    5.9608703554617345E-004
 performing expansion, best =    5.9608192343888215E-004
 performing expansion, best =    5.9608009693976657E-004
 performing expansion, best =    5.9607948311710731E-004
 performing expansion, best =    5.9607930579037187E-004
 performing expansion, best =    5.9607895582266927E-004
 performing expansion, best =    5.9607869517016860E-004
 performing expansion, best =    5.9607838700931662E-004
 performing expansion, best =    5.9607829877969369E-004
 performing expansion, best =    5.9607805567229576E-004
 performing expansion, best =    5.9607640545867137E-004
 performing expansion, best =    5.9607635989904011E-004
 performing expansion, best =    5.9607542481998914E-004
 performing expansion, best =    5.9607439078026669E-004
 performing expansion, best =    5.9607420857103364E-004
 performing expansion, best =    5.9607358880072933E-004
 performing expansion, best =    5.9607322089258051E-004
 performing expansion, best =    5.9607204210763173E-004
 performing expansion, best =    5.9607071523118708E-004
 performing expansion, best =    5.9607048112629102E-004
 performing expansion, best =    5.9606993975148427E-004
 performing expansion, best =    5.9606840770087799E-004
 performing expansion, best =    5.9606840355352279E-004
 performing expansion, best =    5.9606827735409287E-004
 performing expansion, best =    5.9606734362400808E-004
 performing expansion, best =    5.9606637486769301E-004
 performing expansion, best =    5.9606489252677091E-004
 performing expansion, best =    5.9606472553019960E-004
 performing expansion, best =    5.9606445064359383E-004
 performing expansion, best =    5.9606399115431203E-004
 performing expansion, best =    5.9606390050514373E-004
 performing expansion, best =    5.9606386571659485E-004
Exiting simplex optimization after   462 iterations
Solution after  refinement:      5.9606386572E-04
RMSE         5.960638657E-04Hartree
NEW BEST!

Best found solution for 4 charges:
        RMSE         3.740354403E-01 kcal/mol
         MAE         2.597460901E-01 kcal/mol
     max. AE         2.244567098E+00 kcal/mol

       x[bohr]       y[bohr]       z[bohr]          q[e]
     0.9033782    -0.0257685     0.5361217    -0.4085568
    -0.8974840    -0.0650956    -0.0658949    -0.2975432
    -0.4452899    -0.1619347     1.0557900    -0.6153449
    -0.1799173    -0.1182491     0.5444361     0.9999983

Running DE in parallel with 1 thread(s)!

Starting fitting procedure for multipole expansion of atom 2 with 1 charges, trial 1
gen      0/2000      elitist  5.0389865E-03 feasible? T
population converged towards a single solution after 85 generations.
Starting local simplex optimization:
Solution before refinement:      4.1719088892E-03
Exiting simplex optimization after    80 iterations
Solution after  refinement:      4.1719088892E-03
RMSE         4.171908889E-03Hartree
NEW BEST!

Best found solution for 1 charges:
        RMSE         2.617910375E+00 kcal/mol
         MAE         2.123916274E+00 kcal/mol
     max. AE         9.646868408E+00 kcal/mol

       x[bohr]       y[bohr]       z[bohr]          q[e]
     0.0610020     1.9857039    -1.4096440     0.1131347

Running DE in parallel with 1 thread(s)!

Starting fitting procedure for multipole expansion of atom 2 with 2 charges, trial 1
gen      0/4000      elitist  4.3930593E-03 feasible? T
gen    100/4000      elitist  3.6595310E-04 feasible? T
population converged towards a single solution after 175 generations.
Starting local simplex optimization:
Solution before refinement:      3.6565548918E-04
 performing expansion, best =    3.6565545234182962E-004
Exiting simplex optimization after   129 iterations
Solution after  refinement:      3.6565545234E-04
RMSE         3.656554523E-04Hartree
NEW BEST!

Best found solution for 2 charges:
        RMSE         2.294520872E-01 kcal/mol
         MAE         1.598534669E-01 kcal/mol
     max. AE         1.603230531E+00 kcal/mol

       x[bohr]       y[bohr]       z[bohr]          q[e]
    -0.1637797     0.8186707    -0.2449182    -0.1725228
    -0.0238731     1.7215280    -1.0820974     0.2856575

Running DE in parallel with 1 thread(s)!

Starting fitting procedure for multipole expansion of atom 2 with 3 charges, trial 1
gen      0/6000      elitist  4.5009138E-03 feasible? T
gen    100/6000      elitist  2.9934760E-04 feasible? T
gen    200/6000      elitist  2.6513506E-04 feasible? T
gen    300/6000      elitist  2.6393142E-04 feasible? T
population converged towards a single solution after 372 generations.
Starting local simplex optimization:
Solution before refinement:      2.6391801807E-04
Exiting simplex optimization after   259 iterations
Solution after  refinement:      2.6391801807E-04
RMSE         2.639180181E-04Hartree
NEW BEST!

Best found solution for 3 charges:
        RMSE         1.656109316E-01 kcal/mol
         MAE         1.116037365E-01 kcal/mol
     max. AE         1.265667195E+00 kcal/mol

       x[bohr]       y[bohr]       z[bohr]          q[e]
    -0.1544567     0.7671048    -0.3279580    -0.1718174
    -0.0405355     0.9467478    -1.4705289     0.0630139
    -0.0139275     1.9058385    -1.0421741     0.2219382

Running DE in parallel with 1 thread(s)!

Starting fitting procedure for multipole expansion of atom 2 with 4 charges, trial 1
gen      0/8000      elitist  3.9486247E-03 feasible? T
gen    100/8000      elitist  2.5646898E-04 feasible? T
gen    200/8000      elitist  2.2338708E-04 feasible? T
gen    300/8000      elitist  2.1097668E-04 feasible? T
gen    400/8000      elitist  2.0042080E-04 feasible? T
gen    500/8000      elitist  1.9515040E-04 feasible? T
gen    600/8000      elitist  1.9231461E-04 feasible? T
gen    700/8000      elitist  1.9056063E-04 feasible? T
gen    800/8000      elitist  1.9032339E-04 feasible? T
gen    900/8000      elitist  1.9027769E-04 feasible? T
population converged towards a single solution after 927 generations.
Starting local simplex optimization:
Solution before refinement:      1.9027526854E-04
 performing expansion, best =    1.9027487486816377E-004
 performing expansion, best =    1.9027472327220581E-004
 performing expansion, best =    1.9027414186363717E-004
 performing expansion, best =    1.9027390486279404E-004
Exiting simplex optimization after   339 iterations
Solution after  refinement:      1.9027390486E-04
RMSE         1.902739049E-04Hartree
NEW BEST!

Best found solution for 4 charges:
        RMSE         1.193985878E-01 kcal/mol
         MAE         7.797485469E-02 kcal/mol
     max. AE         1.034730355E+00 kcal/mol

       x[bohr]       y[bohr]       z[bohr]          q[e]
    -0.2237112     1.3562086    -0.5271036    -0.9999711
    -0.1804264     1.4458660    -0.9198638     0.6832332
    -0.3015713     1.6006036    -0.2783147     0.3626526
     0.4455292     2.0418345    -0.9656876     0.0672199

File "multipole3_1charges.xyz" already exists. Fitting procedure is skipped.
File "multipole3_2charges.xyz" already exists. Fitting procedure is skipped.
Running DE in parallel with 1 thread(s)!

Starting fitting procedure for multipole expansion of atom 3 with 3 charges, trial 1
gen      0/6000      elitist  1.1349234E-03 feasible? T
gen    100/6000      elitist  2.7768486E-04 feasible? T
gen    200/6000      elitist  2.4343370E-04 feasible? T
gen    300/6000      elitist  2.2678481E-04 feasible? T
gen    400/6000      elitist  2.0514117E-04 feasible? T
gen    500/6000      elitist  1.9101873E-04 feasible? T
gen    600/6000      elitist  1.8673694E-04 feasible? T
gen    700/6000      elitist  1.8653867E-04 feasible? T
population converged towards a single solution after 748 generations.
Starting local simplex optimization:
Solution before refinement:      1.8653494174E-04
 performing expansion, best =    1.8653475638329085E-004
Exiting simplex optimization after   236 iterations
Solution after  refinement:      1.8653475638E-04
RMSE         1.865347564E-04Hartree
NEW BEST!

Best found solution for 3 charges:
        RMSE         1.170522384E-01 kcal/mol
         MAE         7.480166315E-02 kcal/mol
     max. AE         1.638518316E+00 kcal/mol

       x[bohr]       y[bohr]       z[bohr]          q[e]
     0.0011595    -0.9678197    -1.0499159    -0.9999658
     0.0063603    -0.7058049    -1.0930933     0.5947368
    -0.0249894    -1.4754527    -1.0761313     0.6135410

Running DE in parallel with 1 thread(s)!

Starting fitting procedure for multipole expansion of atom 3 with 4 charges, trial 1
gen      0/8000      elitist  1.1030874E-03 feasible? T
gen    100/8000      elitist  2.5578444E-04 feasible? T
gen    200/8000      elitist  1.9632625E-04 feasible? T
gen    300/8000      elitist  1.8708354E-04 feasible? T
gen    400/8000      elitist  1.8044653E-04 feasible? T
gen    500/8000      elitist  1.7476142E-04 feasible? T
gen    600/8000      elitist  1.7291842E-04 feasible? T
gen    700/8000      elitist  1.6812969E-04 feasible? T
gen    800/8000      elitist  1.6284862E-04 feasible? T
gen    900/8000      elitist  1.5313467E-04 feasible? T
gen   1000/8000      elitist  1.5022231E-04 feasible? T
gen   1100/8000      elitist  1.4863139E-04 feasible? T
gen   1200/8000      elitist  1.4804210E-04 feasible? T
gen   1300/8000      elitist  1.4796213E-04 feasible? T
gen   1400/8000      elitist  1.4787982E-04 feasible? T
gen   1500/8000      elitist  1.4672523E-04 feasible? T
gen   1600/8000      elitist  1.4575077E-04 feasible? T
gen   1700/8000      elitist  1.4510332E-04 feasible? T
gen   1800/8000      elitist  1.4479514E-04 feasible? T
gen   1900/8000      elitist  1.4426889E-04 feasible? T
gen   2000/8000      elitist  1.4418796E-04 feasible? T
gen   2100/8000      elitist  1.4415750E-04 feasible? T
population converged towards a single solution after 2156 generations.
Starting local simplex optimization:
Solution before refinement:      1.4415517453E-04
 performing expansion, best =    1.4415496989838406E-004
 performing expansion, best =    1.4415476020528725E-004
 performing expansion, best =    1.4415450661212957E-004
Exiting simplex optimization after   385 iterations
Solution after  refinement:      1.4415450661E-04
RMSE         1.441545066E-04Hartree
NEW BEST!

Best found solution for 4 charges:
        RMSE         9.045825029E-02 kcal/mol
         MAE         5.361511879E-02 kcal/mol
     max. AE         1.617107589E+00 kcal/mol

       x[bohr]       y[bohr]       z[bohr]          q[e]
    -0.2753954    -1.1022788    -0.4795979     0.9999781
     0.4732453    -1.1612581    -0.3733245    -0.1201722
    -0.4039923    -1.0462426    -0.3884030    -0.7668429
     0.1137452    -2.0731255    -1.2842143     0.0953489

Running DE in parallel with 1 thread(s)!

Starting fitting procedure for 6 charges, trial 1
gen      0/12000      elitist  1.4928338E-03 feasible? T
gen    100/12000      elitist  1.3340823E-03 feasible? T
gen    200/12000      elitist  8.7042783E-04 feasible? T
gen    300/12000      elitist  7.5641596E-04 feasible? T
gen    400/12000      elitist  6.3468431E-04 feasible? T
gen    500/12000      elitist  5.4601315E-04 feasible? T
gen    600/12000      elitist  5.1904106E-04 feasible? T
gen    700/12000      elitist  4.8358134E-04 feasible? T
gen    800/12000      elitist  4.2501414E-04 feasible? T
gen    900/12000      elitist  3.9344180E-04 feasible? T
gen   1000/12000      elitist  3.8585650E-04 feasible? T
gen   1100/12000      elitist  3.7784443E-04 feasible? T
gen   1200/12000      elitist  3.7400316E-04 feasible? T
gen   1300/12000      elitist  3.7198300E-04 feasible? T
