Running in fitting mode

Reading "/home/boittier/Documents/github/MDCMfast/examples/ref/h2o-pot.cube"...

  job Potential
  Electrostatic potential from Total SCF Density
    3   -4.970736   -4.970736   -4.746947
   40    0.249999    0.000000    0.000000
   40    0.000000    0.249999    0.000000
   40    0.000000    0.000000    0.249999
    8    8.000000    0.000000    0.000000    0.223789
    1    1.000000    0.000000    1.435292   -0.895158
    1    1.000000    0.000000   -1.435292   -0.895158
  9.33696E-04  6.32747E-05 -8.20507E-04 -1.70423E-03 -2.57447E-03 -3.41834E-03
       .            .            .            .            .            .
       .            .            .            .            .            .
       .            .            .            .            .            .
 -8.27319E-05 -9.59561E-04 -1.82824E-03 -2.67583E-03 -3.49031E-03 -4.26103E-03

42464 out of 64000 gridpoints are considered ( 66.3%).

...done!




USING GREEDY MODE
File "multipole1_1charges.xyz" already exists. Fitting procedure is skipped.
File "multipole1_2charges.xyz" already exists. Fitting procedure is skipped.
File "multipole1_3charges.xyz" already exists. Fitting procedure is skipped.
File "multipole1_4charges.xyz" already exists. Fitting procedure is skipped.
File "multipole2_1charges.xyz" already exists. Fitting procedure is skipped.
File "multipole2_2charges.xyz" already exists. Fitting procedure is skipped.
File "multipole2_3charges.xyz" already exists. Fitting procedure is skipped.
File "multipole2_4charges.xyz" already exists. Fitting procedure is skipped.
File "multipole3_1charges.xyz" already exists. Fitting procedure is skipped.
File "multipole3_2charges.xyz" already exists. Fitting procedure is skipped.
File "multipole3_3charges.xyz" already exists. Fitting procedure is skipped.
File "multipole3_4charges.xyz" already exists. Fitting procedure is skipped.
Running DE in parallel with 1 thread(s)!

Starting fitting procedure for 3 charges, trial 1
gen      0/6000      elitist  5.3027140E-03 feasible? T
gen    100/6000      elitist  1.2429730E-03 feasible? T
gen    200/6000      elitist  1.0930058E-03 feasible? T
gen    300/6000      elitist  1.0921699E-03 feasible? T
population converged towards a single solution after 339 generations.
Starting local simplex optimization:
Solution before refinement:      1.0921640040E-03
 performing expansion, best =    1.0921636579021327E-003
 performing expansion, best =    1.0921632412980472E-003
 performing expansion, best =    1.0921625228058358E-003
 performing expansion, best =    1.0921624201171013E-003
Exiting simplex optimization after   286 iterations
Solution after  refinement:      1.0921624201E-03
RMSE         1.092162420E-03 Hartree
NEW BEST!

Best found solution for 3 charges:
        RMSE         6.853417481E-01 kcal/mol
         MAE         4.549499500E-01 kcal/mol
     max. AE         4.835113629E+00 kcal/mol

       x[bohr]       y[bohr]       z[bohr]          q[e]
    -0.0009011    -0.0001628    -0.0165200    -0.9999997
    -0.0005083     1.4385343    -0.8469533     0.4999755
    -0.0005842    -1.4390500    -0.8454085     0.5000242

Running DE in parallel with 1 thread(s)!

Starting fitting procedure for 4 charges, trial 1
gen      0/8000      elitist  3.0129381E-03 feasible? T
