Running in fitting mode

Reading "/home/boittier/Documents/github/MDCMfast/examples/ref/h2o-pot.cube"...

  job Potential
  Electrostatic potential from Total SCF Density
    3   -4.970736   -4.970736   -4.746947
   40    0.249999    0.000000    0.000000
   40    0.000000    0.249999    0.000000
   40    0.000000    0.000000    0.249999
    8    8.000000    0.000000    0.000000    0.223789
    1    1.000000    0.000000    1.435292   -0.895158
    1    1.000000    0.000000   -1.435292   -0.895158
  9.33696E-04  6.32747E-05 -8.20507E-04 -1.70423E-03 -2.57447E-03 -3.41834E-03
       .            .            .            .            .            .
       .            .            .            .            .            .
       .            .            .            .            .            .
 -8.27319E-05 -9.59561E-04 -1.82824E-03 -2.67583E-03 -3.49031E-03 -4.26103E-03

42464 out of 64000 gridpoints are considered ( 66.3%).

...done!




USING GREEDY MODE
Running DE in parallel with 1 thread(s)!

Starting fitting procedure for multipole expansion of atom 1 with 1 charges, trial 1
gen      0/2000      elitist  3.4332256E-03 feasible? T
population converged towards a single solution after 49 generations.
Starting local simplex optimization:
Solution before refinement:      2.8202679847E-03
Exiting simplex optimization after    26 iterations
Solution after  refinement:      2.8202679847E-03
RMSE         2.820267985E-03Hartree
NEW BEST!

Best found solution for 1 charges:
        RMSE         1.769743543E+00 kcal/mol
         MAE         1.263044859E+00 kcal/mol
     max. AE         9.012146086E+00 kcal/mol

       x[bohr]       y[bohr]       z[bohr]          q[e]
     0.0241675    -0.0442425     0.9106191    -0.3214466

Running DE in parallel with 1 thread(s)!

Starting fitting procedure for multipole expansion of atom 1 with 2 charges, trial 1
gen      0/4000      elitist  4.0624901E-03 feasible? T
gen    100/4000      elitist  2.2232055E-03 feasible? T
gen    200/4000      elitist  2.2176598E-03 feasible? T
population converged towards a single solution after 244 generations.
Starting local simplex optimization:
Solution before refinement:      2.2176481277E-03
 performing expansion, best =    2.2176481014045337E-003
Exiting simplex optimization after   176 iterations
Solution after  refinement:      2.2176481014E-03
RMSE         2.217648101E-03Hartree
NEW BEST!

Best found solution for 2 charges:
        RMSE         1.391594142E+00 kcal/mol
         MAE         1.023049911E+00 kcal/mol
     max. AE         6.794566782E+00 kcal/mol

       x[bohr]       y[bohr]       z[bohr]          q[e]
    -0.6938770    -0.0794942     0.8787296    -0.1553403
     0.6939962    -0.0075568     0.8833677    -0.1661063

Running DE in parallel with 1 thread(s)!

Starting fitting procedure for multipole expansion of atom 1 with 3 charges, trial 1
gen      0/6000      elitist  3.1355070E-03 feasible? T
gen    100/6000      elitist  1.5052280E-03 feasible? T
gen    200/6000      elitist  1.0419854E-03 feasible? T
gen    300/6000      elitist  1.0058035E-03 feasible? T
gen    400/6000      elitist  1.0034938E-03 feasible? T
gen    500/6000      elitist  1.0033420E-03 feasible? T
population converged towards a single solution after 560 generations.
Starting local simplex optimization:
Solution before refinement:      1.0033345200E-03
 performing expansion, best =    1.0033345130037884E-003
 performing expansion, best =    1.0033342659976794E-003
 performing expansion, best =    1.0033341832796493E-003
Exiting simplex optimization after   287 iterations
Solution after  refinement:      1.0033341833E-03
RMSE         1.003334183E-03Hartree
NEW BEST!

Best found solution for 3 charges:
        RMSE         6.296012300E-01 kcal/mol
         MAE         4.296255358E-01 kcal/mol
     max. AE         3.614421219E+00 kcal/mol

       x[bohr]       y[bohr]       z[bohr]          q[e]
     0.0775884    -0.8698795    -0.1686669     0.3345534
    -0.0229180     0.9497142     0.1044173     0.3439998
     0.0261775     0.0255857     0.2808051    -0.9999999

Running DE in parallel with 1 thread(s)!

Starting fitting procedure for multipole expansion of atom 1 with 4 charges, trial 1
gen      0/8000      elitist  3.0883309E-03 feasible? T
gen    100/8000      elitist  6.4425389E-04 feasible? T
gen    200/8000      elitist  1.7932243E-04 feasible? T
gen    300/8000      elitist  1.3758459E-04 feasible? T
gen    400/8000      elitist  1.3101913E-04 feasible? T
gen    500/8000      elitist  1.2858645E-04 feasible? T
gen    600/8000      elitist  1.2721992E-04 feasible? T
gen    700/8000      elitist  1.2620426E-04 feasible? T
gen    800/8000      elitist  1.2570863E-04 feasible? T
gen    900/8000      elitist  1.2531976E-04 feasible? T
gen   1000/8000      elitist  1.2481334E-04 feasible? T
gen   1100/8000      elitist  1.2449858E-04 feasible? T
gen   1200/8000      elitist  1.2429078E-04 feasible? T
gen   1300/8000      elitist  1.2410557E-04 feasible? T
gen   1400/8000      elitist  1.2400073E-04 feasible? T
population converged towards a single solution after 1497 generations.
Starting local simplex optimization:
Solution before refinement:      1.2397910013E-04
 performing expansion, best =    1.2397906594901665E-004
 performing expansion, best =    1.2397892545651612E-004
 performing expansion, best =    1.2397876678096618E-004
Exiting simplex optimization after   317 iterations
Solution after  refinement:      1.2397876678E-04
RMSE         1.239787668E-04Hartree
NEW BEST!

Best found solution for 4 charges:
        RMSE         7.779779196E-02 kcal/mol
         MAE         4.968953237E-02 kcal/mol
     max. AE         8.310187645E-01 kcal/mol

       x[bohr]       y[bohr]       z[bohr]          q[e]
     0.3071773    -0.5052488     0.3026642     0.9999922
    -0.4325688     0.0097573     0.5107445    -0.6171185
    -0.1566485     0.9051478     0.4313872     0.2710889
     0.5535673    -0.2833143     0.4176106    -0.9754093

File "multipole2_1charges.xyz" already exists. Fitting procedure is skipped.
File "multipole2_2charges.xyz" already exists. Fitting procedure is skipped.
File "multipole2_3charges.xyz" already exists. Fitting procedure is skipped.
Running DE in parallel with 1 thread(s)!

Starting fitting procedure for multipole expansion of atom 2 with 4 charges, trial 1
gen      0/8000      elitist  3.7011652E-03 feasible? T
gen    100/8000      elitist  3.5093660E-04 feasible? T
gen    200/8000      elitist  1.9044462E-04 feasible? T
gen    300/8000      elitist  1.6915297E-04 feasible? T
gen    400/8000      elitist  1.6031177E-04 feasible? T
gen    500/8000      elitist  1.4553747E-04 feasible? T
gen    600/8000      elitist  1.3597960E-04 feasible? T
gen    700/8000      elitist  1.2752848E-04 feasible? T
gen    800/8000      elitist  1.2726805E-04 feasible? T
gen    900/8000      elitist  1.2719294E-04 feasible? T
gen   1000/8000      elitist  1.2717047E-04 feasible? T
population converged towards a single solution after 1057 generations.
Starting local simplex optimization:
Solution before refinement:      1.2716921784E-04
 performing expansion, best =    1.2716894009088490E-004
 performing expansion, best =    1.2716892554581551E-004
 performing expansion, best =    1.2716890337413265E-004
Exiting simplex optimization after   352 iterations
Solution after  refinement:      1.2716890337E-04
RMSE         1.271689034E-04Hartree
NEW BEST!

Best found solution for 4 charges:
        RMSE         7.979963139E-02 kcal/mol
         MAE         5.287233702E-02 kcal/mol
     max. AE         9.283213294E-01 kcal/mol

       x[bohr]       y[bohr]       z[bohr]          q[e]
    -0.3482706     0.8716107    -0.5313725    -0.2474856
     0.2921757     0.8263107    -0.5558702    -0.1721040
    -0.0286091     1.5019471    -0.9562545     0.4697664
    -0.0331194     0.0071185    -0.7330716     0.0629579

Running DE in parallel with 1 thread(s)!

Starting fitting procedure for multipole expansion of atom 3 with 1 charges, trial 1
gen      0/2000      elitist  1.5502142E-03 feasible? T
population converged towards a single solution after 57 generations.
Starting local simplex optimization:
Solution before refinement:      4.6739748459E-04
Exiting simplex optimization after    34 iterations
Solution after  refinement:      4.6739748459E-04
RMSE         4.673974846E-04Hartree
NEW BEST!

Best found solution for 1 charges:
        RMSE         2.932961282E-01 kcal/mol
         MAE         2.199900956E-01 kcal/mol
     max. AE         1.612648272E+00 kcal/mol

       x[bohr]       y[bohr]       z[bohr]          q[e]
    -0.0587074    -1.7372153    -1.2193769     0.2083119

Running DE in parallel with 1 thread(s)!

Starting fitting procedure for multipole expansion of atom 3 with 2 charges, trial 1
gen      0/4000      elitist  1.1329093E-03 feasible? T
gen    100/4000      elitist  4.2281343E-04 feasible? T
gen    200/4000      elitist  4.2050793E-04 feasible? T
population converged towards a single solution after 258 generations.
Starting local simplex optimization:
Solution before refinement:      4.2047566354E-04
Exiting simplex optimization after   123 iterations
Solution after  refinement:      4.2047566354E-04
RMSE         4.204756635E-04Hartree
NEW BEST!

Best found solution for 2 charges:
        RMSE         2.638522631E-01 kcal/mol
         MAE         1.949551325E-01 kcal/mol
     max. AE         1.854464098E+00 kcal/mol

       x[bohr]       y[bohr]       z[bohr]          q[e]
     0.0742413    -1.6974475    -1.1271513     0.2543636
     0.7235874    -1.5315985    -0.6989321    -0.0460517

Running DE in parallel with 1 thread(s)!

Starting fitting procedure for multipole expansion of atom 3 with 3 charges, trial 1
gen      0/6000      elitist  7.0269094E-04 feasible? T
gen    100/6000      elitist  2.8157122E-04 feasible? T
gen    200/6000      elitist  2.4354472E-04 feasible? T
gen    300/6000      elitist  2.3385300E-04 feasible? T
gen    400/6000      elitist  2.1663543E-04 feasible? T
gen    500/6000      elitist  1.9556836E-04 feasible? T
gen    600/6000      elitist  1.8842413E-04 feasible? T
gen    700/6000      elitist  1.8680079E-04 feasible? T
gen    800/6000      elitist  1.8655060E-04 feasible? T
population converged towards a single solution after 871 generations.
Starting local simplex optimization:
Solution before refinement:      1.8653454733E-04
Exiting simplex optimization after   231 iterations
Solution after  refinement:      1.8653454733E-04
RMSE         1.865345473E-04Hartree
NEW BEST!

Best found solution for 3 charges:
        RMSE         1.170521073E-01 kcal/mol
         MAE         7.478332235E-02 kcal/mol
     max. AE         1.637677781E+00 kcal/mol

       x[bohr]       y[bohr]       z[bohr]          q[e]
    -0.0251821    -1.4745720    -1.0754689     0.6156780
     0.0006932    -0.9687655    -1.0488729    -0.9999983
     0.0058943    -0.7055322    -1.0920907     0.5926322

Running DE in parallel with 1 thread(s)!

Starting fitting procedure for multipole expansion of atom 3 with 4 charges, trial 1
gen      0/8000      elitist  6.2207682E-04 feasible? T
gen    100/8000      elitist  2.8068613E-04 feasible? T
gen    200/8000      elitist  1.9006034E-04 feasible? T
gen    300/8000      elitist  1.7270769E-04 feasible? T
gen    400/8000      elitist  1.7002378E-04 feasible? T
gen    500/8000      elitist  1.6432954E-04 feasible? T
gen    600/8000      elitist  1.6334715E-04 feasible? T
gen    700/8000      elitist  1.6327765E-04 feasible? T
population converged towards a single solution after 741 generations.
Starting local simplex optimization:
Solution before refinement:      1.6327060672E-04
 performing expansion, best =    1.6326945063478249E-004
 performing expansion, best =    1.6326938508190580E-004
 performing expansion, best =    1.6326907103528468E-004
Exiting simplex optimization after   351 iterations
Solution after  refinement:      1.6326907104E-04
RMSE         1.632690710E-04Hartree
NEW BEST!

Best found solution for 4 charges:
        RMSE         1.024528115E-01 kcal/mol
         MAE         6.439644057E-02 kcal/mol
     max. AE         1.785364330E+00 kcal/mol

       x[bohr]       y[bohr]       z[bohr]          q[e]
    -0.3419299    -0.9465982    -0.4308025    -0.6945402
     0.1925579    -1.6852197    -0.9396388     0.4693642
     0.2552825    -1.4048295    -0.7284626    -0.5664262
    -0.1944423    -1.0202923    -0.5297935     0.9999141

Running DE in parallel with 1 thread(s)!

Starting fitting procedure for 11 charges, trial 1
gen      0/22000      elitist  2.4857133E-03 feasible? F
gen    100/22000      elitist  2.1884931E-03 feasible? T
gen    200/22000      elitist  1.0574465E-03 feasible? T
gen    300/22000      elitist  5.7699888E-04 feasible? T
gen    400/22000      elitist  5.4059134E-04 feasible? T
gen    500/22000      elitist  4.8106076E-04 feasible? T
gen    600/22000      elitist  4.5821407E-04 feasible? T
gen    700/22000      elitist  3.9669088E-04 feasible? T
